# JRE version: Java(TM) SE Runtime Environment (21.0.6+8) (build 21.0.6+8-LTS-188)
# Java VM: Java HotSpot(TM) 64-Bit Server VM (21.0.6+8-LTS-188, mixed mode, sharing, tiered, compressed oops, compressed class ptrs, g1 gc, windows-amd64)
GC Precious Log:
 CardTable entry size: 512
 Card Set container configuration: InlinePtr #cards 5 size 8 Array Of Cards #cards 12 size 40 Howl #buckets 4 coarsen threshold 1843 Howl Bitmap #cards 512 size 80 coarsen threshold 460 Card regions per heap region 1 cards per card region 2048
 CPUs: 8 total, 8 available
 Memory: 7957M
 Large Page Support: Disabled
 NUMA Support: Disabled
 Compressed Oops: Enabled (32-bit)
 Heap Region Size: 1M
 Heap Min Capacity: 8M
 Heap Initial Capacity: 126M
 Heap Max Capacity: 1990M
 Pre-touch: Disabled
 Parallel Workers: 8
 Concurrent Workers: 2
 Concurrent Refinement Workers: 8
 Periodic GC: Disabled
Heap:
 garbage-first heap   total 261120K, used 91937K [0x0000000083a00000, 0x0000000100000000)
  region size 1024K, 1 young (1024K), 1 survivors (1024K)
 Metaspace       used 59399K, committed 60224K, reserved 1114112K
  class space    used 6629K, committed 7040K, reserved 1048576K
GC Heap History (20 events):
Event: 31.457 GC heap after
{Heap after GC invocations=18 (full 0):
 garbage-first heap   total 119808K, used 75776K [0x0000000083a00000, 0x0000000100000000)
  region size 1024K, 5 young (5120K), 5 survivors (5120K)
 Metaspace       used 54719K, committed 55552K, reserved 1114112K
  class space    used 6293K, committed 6720K, reserved 1048576K
}
Event: 33.730 GC heap before
{Heap before GC invocations=18 (full 0):
 garbage-first heap   total 119808K, used 105472K [0x0000000083a00000, 0x0000000100000000)
  region size 1024K, 34 young (34816K), 5 survivors (5120K)
 Metaspace       used 56047K, committed 56896K, reserved 1114112K
  class space    used 6403K, committed 6784K, reserved 1048576K
}
Event: 33.770 GC heap after
{Heap after GC invocations=19 (full 0):
 garbage-first heap   total 119808K, used 78304K [0x0000000083a00000, 0x0000000100000000)
  region size 1024K, 3 young (3072K), 3 survivors (3072K)
 Metaspace       used 56047K, committed 56896K, reserved 1114112K
  class space    used 6403K, committed 6784K, reserved 1048576K
}
Event: 34.504 GC heap before
{Heap before GC invocations=19 (full 0):
 garbage-first heap   total 119808K, used 106976K [0x0000000083a00000, 0x0000000100000000)
  region size 1024K, 31 young (31744K), 3 survivors (3072K)
 Metaspace       used 56411K, committed 57280K, reserved 1114112K
  class space    used 6424K, committed 6848K, reserved 1048576K
}
Event: 34.518 GC heap after
{Heap after GC invocations=20 (full 0):
 garbage-first heap   total 119808K, used 79353K [0x0000000083a00000, 0x0000000100000000)
  region size 1024K, 1 young (1024K), 1 survivors (1024K)
 Metaspace       used 56411K, committed 57280K, reserved 1114112K
  class space    used 6424K, committed 6848K, reserved 1048576K
}
Event: 35.257 GC heap before
{Heap before GC invocations=21 (full 0):
 garbage-first heap   total 137216K, used 109049K [0x0000000083a00000, 0x0000000100000000)
  region size 1024K, 30 young (30720K), 1 survivors (1024K)
 Metaspace       used 56488K, committed 57344K, reserved 1114112K
  class space    used 6425K, committed 6848K, reserved 1048576K
}
Event: 35.311 GC heap after
{Heap after GC invocations=22 (full 0):
 garbage-first heap   total 137216K, used 79636K [0x0000000083a00000, 0x0000000100000000)
  region size 1024K, 2 young (2048K), 2 survivors (2048K)
 Metaspace       used 56488K, committed 57344K, reserved 1114112K
  class space    used 6425K, committed 6848K, reserved 1048576K
}
Event: 39.386 GC heap before
{Heap before GC invocations=22 (full 0):
 garbage-first heap   total 137216K, used 122644K [0x0000000083a00000, 0x0000000100000000)
  region size 1024K, 44 young (45056K), 2 survivors (2048K)
 Metaspace       used 57634K, committed 58432K, reserved 1114112K
  class space    used 6501K, committed 6912K, reserved 1048576K
}
Event: 39.406 GC heap after
{Heap after GC invocations=23 (full 0):
 garbage-first heap   total 190464K, used 83283K [0x0000000083a00000, 0x0000000100000000)
  region size 1024K, 6 young (6144K), 6 survivors (6144K)
 Metaspace       used 57634K, committed 58432K, reserved 1114112K
  class space    used 6501K, committed 6912K, reserved 1048576K
}
Event: 45.206 GC heap before
{Heap before GC invocations=23 (full 0):
 garbage-first heap   total 190464K, used 164179K [0x0000000083a00000, 0x0000000100000000)
  region size 1024K, 85 young (87040K), 6 survivors (6144K)
 Metaspace       used 59350K, committed 60160K, reserved 1114112K
  class space    used 6629K, committed 7040K, reserved 1048576K
}
Event: 45.245 GC heap after
{Heap after GC invocations=24 (full 0):
 garbage-first heap   total 190464K, used 90988K [0x0000000083a00000, 0x0000000100000000)
  region size 1024K, 11 young (11264K), 11 survivors (11264K)
 Metaspace       used 59350K, committed 60160K, reserved 1114112K
  class space    used 6629K, committed 7040K, reserved 1048576K
}
Event: 45.688 GC heap before
{Heap before GC invocations=25 (full 0):
 garbage-first heap   total 190464K, used 165740K [0x0000000083a00000, 0x0000000100000000)
  region size 1024K, 84 young (86016K), 11 survivors (11264K)
 Metaspace       used 59375K, committed 60160K, reserved 1114112K
  class space    used 6629K, committed 7040K, reserved 1048576K
}
Event: 45.711 GC heap after
{Heap after GC invocations=26 (full 0):
 garbage-first heap   total 190464K, used 93341K [0x0000000083a00000, 0x0000000100000000)
  region size 1024K, 2 young (2048K), 2 survivors (2048K)
 Metaspace       used 59375K, committed 60160K, reserved 1114112K
  class space    used 6629K, committed 7040K, reserved 1048576K
}
Event: 45.919 GC heap before
{Heap before GC invocations=26 (full 0):
 garbage-first heap   total 190464K, used 170141K [0x0000000083a00000, 0x0000000100000000)
  region size 1024K, 77 young (78848K), 2 survivors (2048K)
 Metaspace       used 59375K, committed 60160K, reserved 1114112K
  class space    used 6629K, committed 7040K, reserved 1048576K
}
Event: 45.929 GC heap after
{Heap after GC invocations=27 (full 0):
 garbage-first heap   total 190464K, used 92998K [0x0000000083a00000, 0x0000000100000000)
  region size 1024K, 1 young (1024K), 1 survivors (1024K)
 Metaspace       used 59375K, committed 60160K, reserved 1114112K
  class space    used 6629K, committed 7040K, reserved 1048576K
}
Event: 46.147 GC heap before
{Heap before GC invocations=27 (full 0):
 garbage-first heap   total 190464K, used 173894K [0x0000000083a00000, 0x0000000100000000)
  region size 1024K, 80 young (81920K), 1 survivors (1024K)
 Metaspace       used 59376K, committed 60160K, reserved 1114112K
  class space    used 6629K, committed 7040K, reserved 1048576K
}
Event: 46.151 GC heap after
{Heap after GC invocations=28 (full 0):
 garbage-first heap   total 190464K, used 92801K [0x0000000083a00000, 0x0000000100000000)
  region size 1024K, 1 young (1024K), 1 survivors (1024K)
 Metaspace       used 59376K, committed 60160K, reserved 1114112K
  class space    used 6629K, committed 7040K, reserved 1048576K
}
Event: 46.526 GC heap before
{Heap before GC invocations=29 (full 0):
 garbage-first heap   total 261120K, used 174721K [0x0000000083a00000, 0x0000000100000000)
  region size 1024K, 81 young (82944K), 1 survivors (1024K)
 Metaspace       used 59376K, committed 60160K, reserved 1114112K
  class space    used 6629K, committed 7040K, reserved 1048576K
}
Event: 46.528 GC heap after
{Heap after GC invocations=30 (full 0):
 garbage-first heap   total 261120K, used 92823K [0x0000000083a00000, 0x0000000100000000)
  region size 1024K, 1 young (1024K), 1 survivors (1024K)
 Metaspace       used 59376K, committed 60160K, reserved 1114112K
  class space    used 6629K, committed 7040K, reserved 1048576K
}
Event: 47.244 GC heap before
{Heap before GC invocations=30 (full 0):
 garbage-first heap   total 261120K, used 245399K [0x0000000083a00000, 0x0000000100000000)
  region size 1024K, 150 young (153600K), 1 survivors (1024K)
 Metaspace       used 59399K, committed 60224K, reserved 1114112K
  class space    used 6629K, committed 7040K, reserved 1048576K
}

