# JRE version: Java(TM) SE Runtime Environment (21.0.6+8) (build 21.0.6+8-LTS-188)
# Java VM: Java HotSpot(TM) 64-Bit Server VM (21.0.6+8-LTS-188, mixed mode, sharing, tiered, compressed oops, compressed class ptrs, g1 gc, windows-amd64)
GC Precious Log:
 CardTable entry size: 512
 Card Set container configuration: InlinePtr #cards 5 size 8 Array Of Cards #cards 12 size 40 Howl #buckets 4 coarsen threshold 1843 Howl Bitmap #cards 512 size 80 coarsen threshold 460 Card regions per heap region 1 cards per card region 2048
 CPUs: 8 total, 8 available
 Memory: 7957M
 Large Page Support: Disabled
 NUMA Support: Disabled
 Compressed Oops: Enabled (32-bit)
 Heap Region Size: 1M
 Heap Min Capacity: 8M
 Heap Initial Capacity: 126M
 Heap Max Capacity: 1990M
 Pre-touch: Disabled
 Parallel Workers: 8
 Concurrent Workers: 2
 Concurrent Refinement Workers: 8
 Periodic GC: Disabled
Heap:
 garbage-first heap   total 81920K, used 62976K [0x0000000083a00000, 0x0000000100000000)
  region size 1024K, 37 young (37888K), 1 survivors (1024K)
 Metaspace       used 37291K, committed 38080K, reserved 1114112K
  class space    used 4554K, committed 4928K, reserved 1048576K
GC Heap History (12 events):
Event: 2.061 GC heap before
{Heap before GC invocations=0 (full 0):
 garbage-first heap   total 129024K, used 27648K [0x0000000083a00000, 0x0000000100000000)
  region size 1024K, 23 young (23552K), 0 survivors (0K)
 Metaspace       used 7252K, committed 7424K, reserved 1114112K
  class space    used 754K, committed 832K, reserved 1048576K
}
Event: 3.118 GC heap after
{Heap after GC invocations=1 (full 0):
 garbage-first heap   total 129024K, used 6879K [0x0000000083a00000, 0x0000000100000000)
  region size 1024K, 3 young (3072K), 3 survivors (3072K)
 Metaspace       used 7252K, committed 7424K, reserved 1114112K
  class space    used 754K, committed 832K, reserved 1048576K
}
Event: 4.341 GC heap before
{Heap before GC invocations=1 (full 0):
 garbage-first heap   total 129024K, used 42719K [0x0000000083a00000, 0x0000000100000000)
  region size 1024K, 36 young (36864K), 3 survivors (3072K)
 Metaspace       used 15535K, committed 15872K, reserved 1114112K
  class space    used 2004K, committed 2176K, reserved 1048576K
}
Event: 4.356 GC heap after
{Heap after GC invocations=2 (full 0):
 garbage-first heap   total 129024K, used 12997K [0x0000000083a00000, 0x0000000100000000)
  region size 1024K, 4 young (4096K), 4 survivors (4096K)
 Metaspace       used 15535K, committed 15872K, reserved 1114112K
  class space    used 2004K, committed 2176K, reserved 1048576K
}
Event: 7.784 GC heap before
{Heap before GC invocations=2 (full 0):
 garbage-first heap   total 129024K, used 37573K [0x0000000083a00000, 0x0000000100000000)
  region size 1024K, 29 young (29696K), 4 survivors (4096K)
 Metaspace       used 21296K, committed 21504K, reserved 1114112K
  class space    used 2819K, committed 2944K, reserved 1048576K
}
Event: 7.798 GC heap after
{Heap after GC invocations=3 (full 0):
 garbage-first heap   total 129024K, used 14454K [0x0000000083a00000, 0x0000000100000000)
  region size 1024K, 8 young (8192K), 8 survivors (8192K)
 Metaspace       used 21296K, committed 21504K, reserved 1114112K
  class space    used 2819K, committed 2944K, reserved 1048576K
}
Event: 9.355 GC heap before
{Heap before GC invocations=4 (full 0):
 garbage-first heap   total 55296K, used 54390K [0x0000000083a00000, 0x0000000100000000)
  region size 1024K, 47 young (48128K), 8 survivors (8192K)
 Metaspace       used 28318K, committed 28864K, reserved 1114112K
  class space    used 3548K, committed 3840K, reserved 1048576K
}
Event: 9.383 GC heap after
{Heap after GC invocations=5 (full 0):
 garbage-first heap   total 67584K, used 18531K [0x0000000083a00000, 0x0000000100000000)
  region size 1024K, 8 young (8192K), 8 survivors (8192K)
 Metaspace       used 28318K, committed 28864K, reserved 1114112K
  class space    used 3548K, committed 3840K, reserved 1048576K
}
Event: 11.401 GC heap before
{Heap before GC invocations=5 (full 0):
 garbage-first heap   total 67584K, used 50275K [0x0000000083a00000, 0x0000000100000000)
  region size 1024K, 39 young (39936K), 8 survivors (8192K)
 Metaspace       used 34074K, committed 34816K, reserved 1114112K
  class space    used 4205K, committed 4608K, reserved 1048576K
}
Event: 11.431 GC heap after
{Heap after GC invocations=6 (full 0):
 garbage-first heap   total 67584K, used 22528K [0x0000000083a00000, 0x0000000100000000)
  region size 1024K, 4 young (4096K), 4 survivors (4096K)
 Metaspace       used 34074K, committed 34816K, reserved 1114112K
  class space    used 4205K, committed 4608K, reserved 1048576K
}
Event: 11.641 GC heap before
{Heap before GC invocations=6 (full 0):
 garbage-first heap   total 67584K, used 28672K [0x0000000083a00000, 0x0000000100000000)
  region size 1024K, 9 young (9216K), 4 survivors (4096K)
 Metaspace       used 35242K, committed 35968K, reserved 1114112K
  class space    used 4352K, committed 4736K, reserved 1048576K
}
Event: 11.656 GC heap after
{Heap after GC invocations=7 (full 0):
 garbage-first heap   total 81920K, used 26112K [0x0000000083a00000, 0x0000000100000000)
  region size 1024K, 1 young (1024K), 1 survivors (1024K)
 Metaspace       used 35242K, committed 35968K, reserved 1114112K
  class space    used 4352K, committed 4736K, reserved 1048576K
}

