# JRE version: Java(TM) SE Runtime Environment (21.0.6+8) (build 21.0.6+8-LTS-188)
# Java VM: Java HotSpot(TM) 64-Bit Server VM (21.0.6+8-LTS-188, mixed mode, sharing, tiered, compressed oops, compressed class ptrs, g1 gc, windows-amd64)
GC Precious Log:
 CardTable entry size: 512
 Card Set container configuration: InlinePtr #cards 4 size 8 Array Of Cards #cards 16 size 48 Howl #buckets 8 coarsen threshold 3686 Howl Bitmap #cards 512 size 80 coarsen threshold 460 Card regions per heap region 1 cards per card region 4096
 CPUs: 8 total, 8 available
 Memory: 7957M
 Large Page Support: Disabled
 NUMA Support: Disabled
 Compressed Oops: Enabled (Zero based)
 Heap Region Size: 2M
 Heap Min Capacity: 8M
 Heap Initial Capacity: 126M
 Heap Max Capacity: 4G
 Pre-touch: Disabled
 Parallel Workers: 8
 Concurrent Workers: 2
 Concurrent Refinement Workers: 8
 Periodic GC: Disabled
Heap:
 garbage-first heap   total 663552K, used 536449K [0x0000000700000000, 0x0000000800000000)
  region size 2048K, 85 young (174080K), 9 survivors (18432K)
 Metaspace       used 126635K, committed 129792K, reserved 1179648K
  class space    used 17326K, committed 18880K, reserved 1048576K
GC Heap History (20 events):
Event: 28.688 GC heap before
{Heap before GC invocations=40 (full 0):
 garbage-first heap   total 491520K, used 389994K [0x0000000700000000, 0x0000000800000000)
  region size 2048K, 76 young (155648K), 10 survivors (20480K)
 Metaspace       used 119026K, committed 122048K, reserved 1179648K
  class space    used 16636K, committed 18112K, reserved 1048576K
}
Event: 28.708 GC heap after
{Heap after GC invocations=41 (full 0):
 garbage-first heap   total 491520K, used 276434K [0x0000000700000000, 0x0000000800000000)
  region size 2048K, 9 young (18432K), 9 survivors (18432K)
 Metaspace       used 119026K, committed 122048K, reserved 1179648K
  class space    used 16636K, committed 18112K, reserved 1048576K
}
Event: 29.195 GC heap before
{Heap before GC invocations=41 (full 0):
 garbage-first heap   total 491520K, used 432082K [0x0000000700000000, 0x0000000800000000)
  region size 2048K, 86 young (176128K), 9 survivors (18432K)
 Metaspace       used 119211K, committed 122304K, reserved 1179648K
  class space    used 16660K, committed 18176K, reserved 1048576K
}
Event: 29.212 GC heap after
{Heap after GC invocations=42 (full 0):
 garbage-first heap   total 589824K, used 282513K [0x0000000700000000, 0x0000000800000000)
  region size 2048K, 7 young (14336K), 7 survivors (14336K)
 Metaspace       used 119211K, committed 122304K, reserved 1179648K
  class space    used 16660K, committed 18176K, reserved 1048576K
}
Event: 30.281 GC heap before
{Heap before GC invocations=42 (full 0):
 garbage-first heap   total 589824K, used 493457K [0x0000000700000000, 0x0000000800000000)
  region size 2048K, 111 young (227328K), 7 survivors (14336K)
 Metaspace       used 119748K, committed 122880K, reserved 1179648K
  class space    used 16728K, committed 18240K, reserved 1048576K
}
Event: 30.297 GC heap after
{Heap after GC invocations=43 (full 0):
 garbage-first heap   total 589824K, used 298147K [0x0000000700000000, 0x0000000800000000)
  region size 2048K, 14 young (28672K), 14 survivors (28672K)
 Metaspace       used 119748K, committed 122880K, reserved 1179648K
  class space    used 16728K, committed 18240K, reserved 1048576K
}
Event: 32.271 GC heap before
{Heap before GC invocations=43 (full 0):
 garbage-first heap   total 589824K, used 504995K [0x0000000700000000, 0x0000000800000000)
  region size 2048K, 115 young (235520K), 14 survivors (28672K)
 Metaspace       used 121324K, committed 124480K, reserved 1179648K
  class space    used 16833K, committed 18368K, reserved 1048576K
}
Event: 32.310 GC heap after
{Heap after GC invocations=44 (full 0):
 garbage-first heap   total 589824K, used 333824K [0x0000000700000000, 0x0000000800000000)
  region size 2048K, 15 young (30720K), 15 survivors (30720K)
 Metaspace       used 121324K, committed 124480K, reserved 1179648K
  class space    used 16833K, committed 18368K, reserved 1048576K
}
Event: 33.801 GC heap before
{Heap before GC invocations=44 (full 0):
 garbage-first heap   total 589824K, used 514047K [0x0000000700000000, 0x0000000800000000)
  region size 2048K, 104 young (212992K), 15 survivors (30720K)
 Metaspace       used 122026K, committed 125120K, reserved 1179648K
  class space    used 16915K, committed 18432K, reserved 1048576K
}
Event: 33.835 GC heap after
{Heap after GC invocations=45 (full 0):
 garbage-first heap   total 589824K, used 355686K [0x0000000700000000, 0x0000000800000000)
  region size 2048K, 10 young (20480K), 10 survivors (20480K)
 Metaspace       used 122026K, committed 125120K, reserved 1179648K
  class space    used 16915K, committed 18432K, reserved 1048576K
}
Event: 34.958 GC heap before
{Heap before GC invocations=45 (full 0):
 garbage-first heap   total 589824K, used 525670K [0x0000000700000000, 0x0000000800000000)
  region size 2048K, 94 young (192512K), 10 survivors (20480K)
 Metaspace       used 122188K, committed 125312K, reserved 1179648K
  class space    used 16918K, committed 18432K, reserved 1048576K
}
Event: 34.980 GC heap after
{Heap after GC invocations=46 (full 0):
 garbage-first heap   total 589824K, used 363674K [0x0000000700000000, 0x0000000800000000)
  region size 2048K, 6 young (12288K), 6 survivors (12288K)
 Metaspace       used 122188K, committed 125312K, reserved 1179648K
  class space    used 16918K, committed 18432K, reserved 1048576K
}
Event: 36.129 GC heap before
{Heap before GC invocations=47 (full 0):
 garbage-first heap   total 663552K, used 531610K [0x0000000700000000, 0x0000000800000000)
  region size 2048K, 89 young (182272K), 6 survivors (12288K)
 Metaspace       used 122406K, committed 125504K, reserved 1179648K
  class space    used 16925K, committed 18432K, reserved 1048576K
}
Event: 36.144 GC heap after
{Heap after GC invocations=48 (full 0):
 garbage-first heap   total 663552K, used 367836K [0x0000000700000000, 0x0000000800000000)
  region size 2048K, 8 young (16384K), 8 survivors (16384K)
 Metaspace       used 122406K, committed 125504K, reserved 1179648K
  class space    used 16925K, committed 18432K, reserved 1048576K
}
Event: 41.982 GC heap before
{Heap before GC invocations=48 (full 0):
 garbage-first heap   total 663552K, used 591068K [0x0000000700000000, 0x0000000800000000)
  region size 2048K, 118 young (241664K), 8 survivors (16384K)
 Metaspace       used 122639K, committed 125824K, reserved 1179648K
  class space    used 16937K, committed 18496K, reserved 1048576K
}
Event: 42.002 GC heap after
{Heap after GC invocations=49 (full 0):
 garbage-first heap   total 663552K, used 370007K [0x0000000700000000, 0x0000000800000000)
  region size 2048K, 12 young (24576K), 12 survivors (24576K)
 Metaspace       used 122639K, committed 125824K, reserved 1179648K
  class space    used 16937K, committed 18496K, reserved 1048576K
}
Event: 44.281 GC heap before
{Heap before GC invocations=49 (full 0):
 garbage-first heap   total 663552K, used 597335K [0x0000000700000000, 0x0000000800000000)
  region size 2048K, 124 young (253952K), 12 survivors (24576K)
 Metaspace       used 122780K, committed 125888K, reserved 1179648K
  class space    used 16943K, committed 18496K, reserved 1048576K
}
Event: 44.299 GC heap after
{Heap after GC invocations=50 (full 0):
 garbage-first heap   total 663552K, used 377085K [0x0000000700000000, 0x0000000800000000)
  region size 2048K, 12 young (24576K), 12 survivors (24576K)
 Metaspace       used 122780K, committed 125888K, reserved 1179648K
  class space    used 16943K, committed 18496K, reserved 1048576K
}
Event: 51.256 GC heap before
{Heap before GC invocations=50 (full 0):
 garbage-first heap   total 663552K, used 600317K [0x0000000700000000, 0x0000000800000000)
  region size 2048K, 122 young (249856K), 12 survivors (24576K)
 Metaspace       used 122846K, committed 126016K, reserved 1179648K
  class space    used 16944K, committed 18496K, reserved 1048576K
}
Event: 51.277 GC heap after
{Heap after GC invocations=51 (full 0):
 garbage-first heap   total 663552K, used 384897K [0x0000000700000000, 0x0000000800000000)
  region size 2048K, 9 young (18432K), 9 survivors (18432K)
 Metaspace       used 122846K, committed 126016K, reserved 1179648K
  class space    used 16944K, committed 18496K, reserved 1048576K
}

