# JRE version: Java(TM) SE Runtime Environment (21.0.6+8) (build 21.0.6+8-LTS-188)
# Java VM: Java HotSpot(TM) 64-Bit Server VM (21.0.6+8-LTS-188, mixed mode, sharing, tiered, compressed oops, compressed class ptrs, g1 gc, windows-amd64)
GC Precious Log:
 CardTable entry size: 512
 Card Set container configuration: InlinePtr #cards 5 size 8 Array Of Cards #cards 12 size 40 Howl #buckets 4 coarsen threshold 1843 Howl Bitmap #cards 512 size 80 coarsen threshold 460 Card regions per heap region 1 cards per card region 2048
 CPUs: 8 total, 8 available
 Memory: 7957M
 Large Page Support: Disabled
 NUMA Support: Disabled
 Compressed Oops: Enabled (32-bit)
 Heap Region Size: 1M
 Heap Min Capacity: 64M
 Heap Initial Capacity: 64M
 Heap Max Capacity: 64M
 Pre-touch: Disabled
 Parallel Workers: 8
 Concurrent Workers: 2
 Concurrent Refinement Workers: 8
 Periodic GC: Disabled
Heap:
 garbage-first heap   total 65536K, used 16161K [0x00000000fc000000, 0x0000000100000000)
  region size 1024K, 5 young (5120K), 1 survivors (1024K)
 Metaspace       used 10559K, committed 10880K, reserved 1114112K
  class space    used 1334K, committed 1472K, reserved 1048576K
GC Heap History (8 events):
Event: 0.497 GC heap before
{Heap before GC invocations=0 (full 0):
 garbage-first heap   total 65536K, used 22528K [0x00000000fc000000, 0x0000000100000000)
  region size 1024K, 23 young (23552K), 0 survivors (0K)
 Metaspace       used 1666K, committed 1856K, reserved 1114112K
  class space    used 145K, committed 256K, reserved 1048576K
}
Event: 0.501 GC heap after
{Heap after GC invocations=1 (full 0):
 garbage-first heap   total 65536K, used 4096K [0x00000000fc000000, 0x0000000100000000)
  region size 1024K, 3 young (3072K), 3 survivors (3072K)
 Metaspace       used 1666K, committed 1856K, reserved 1114112K
  class space    used 145K, committed 256K, reserved 1048576K
}
Event: 26.351 GC heap before
{Heap before GC invocations=1 (full 0):
 garbage-first heap   total 65536K, used 37888K [0x00000000fc000000, 0x0000000100000000)
  region size 1024K, 33 young (33792K), 3 survivors (3072K)
 Metaspace       used 10116K, committed 10432K, reserved 1114112K
  class space    used 1324K, committed 1472K, reserved 1048576K
}
Event: 26.357 GC heap after
{Heap after GC invocations=2 (full 0):
 garbage-first heap   total 65536K, used 13215K [0x00000000fc000000, 0x0000000100000000)
  region size 1024K, 5 young (5120K), 5 survivors (5120K)
 Metaspace       used 10116K, committed 10432K, reserved 1114112K
  class space    used 1324K, committed 1472K, reserved 1048576K
}
Event: 314.562 GC heap before
{Heap before GC invocations=2 (full 0):
 garbage-first heap   total 65536K, used 42911K [0x00000000fc000000, 0x0000000100000000)
  region size 1024K, 34 young (34816K), 5 survivors (5120K)
 Metaspace       used 10417K, committed 10688K, reserved 1114112K
  class space    used 1331K, committed 1472K, reserved 1048576K
}
Event: 314.586 GC heap after
{Heap after GC invocations=3 (full 0):
 garbage-first heap   total 65536K, used 13382K [0x00000000fc000000, 0x0000000100000000)
  region size 1024K, 1 young (1024K), 1 survivors (1024K)
 Metaspace       used 10417K, committed 10688K, reserved 1114112K
  class space    used 1331K, committed 1472K, reserved 1048576K
}
Event: 659.573 GC heap before
{Heap before GC invocations=3 (full 0):
 garbage-first heap   total 65536K, used 46150K [0x00000000fc000000, 0x0000000100000000)
  region size 1024K, 33 young (33792K), 1 survivors (1024K)
 Metaspace       used 10499K, committed 10816K, reserved 1114112K
  class space    used 1331K, committed 1472K, reserved 1048576K
}
Event: 659.595 GC heap after
{Heap after GC invocations=4 (full 0):
 garbage-first heap   total 65536K, used 13089K [0x00000000fc000000, 0x0000000100000000)
  region size 1024K, 1 young (1024K), 1 survivors (1024K)
 Metaspace       used 10499K, committed 10816K, reserved 1114112K
  class space    used 1331K, committed 1472K, reserved 1048576K
}

