# JRE version: OpenJDK Runtime Environment Temurin-21.0.6+7 (21.0.6+7) (build 21.0.6+7-LTS)
# Java VM: OpenJDK 64-Bit Server VM Temurin-21.0.6+7 (21.0.6+7-LTS, mixed mode, sharing, tiered, compressed oops, compressed class ptrs, g1 gc, windows-amd64)
GC Precious Log:
 CardTable entry size: 512
 Card Set container configuration: InlinePtr #cards 5 size 8 Array Of Cards #cards 12 size 40 Howl #buckets 4 coarsen threshold 1843 Howl Bitmap #cards 512 size 80 coarsen threshold 460 Card regions per heap region 1 cards per card region 2048
 CPUs: 8 total, 8 available
 Memory: 7957M
 Large Page Support: Disabled
 NUMA Support: Disabled
 Compressed Oops: Enabled (32-bit)
 Heap Region Size: 1M
 Heap Min Capacity: 8M
 Heap Initial Capacity: 126M
 Heap Max Capacity: 2G
 Pre-touch: Disabled
 Parallel Workers: 8
 Concurrent Workers: 2
 Concurrent Refinement Workers: 8
 Periodic GC: Disabled
Heap:
 garbage-first heap   total 309248K, used 167084K [0x0000000080000000, 0x0000000100000000)
  region size 1024K, 6 young (6144K), 6 survivors (6144K)
 Metaspace       used 173125K, committed 175872K, reserved 622592K
  class space    used 21646K, committed 23040K, reserved 425984K
GC Heap History (20 events):
Event: 51.259 GC heap after
{Heap after GC invocations=64 (full 0):
 garbage-first heap   total 232448K, used 128983K [0x0000000080000000, 0x0000000100000000)
  region size 1024K, 4 young (4096K), 4 survivors (4096K)
 Metaspace       used 168591K, committed 171200K, reserved 622592K
  class space    used 21055K, committed 22400K, reserved 425984K
}
Event: 51.524 GC heap before
{Heap before GC invocations=65 (full 0):
 garbage-first heap   total 232448K, used 214999K [0x0000000080000000, 0x0000000100000000)
  region size 1024K, 88 young (90112K), 4 survivors (4096K)
 Metaspace       used 168591K, committed 171200K, reserved 622592K
  class space    used 21055K, committed 22400K, reserved 425984K
}
Event: 51.528 GC heap after
{Heap after GC invocations=66 (full 0):
 garbage-first heap   total 232448K, used 129194K [0x0000000080000000, 0x0000000100000000)
  region size 1024K, 5 young (5120K), 5 survivors (5120K)
 Metaspace       used 168591K, committed 171200K, reserved 622592K
  class space    used 21055K, committed 22400K, reserved 425984K
}
Event: 51.747 GC heap before
{Heap before GC invocations=66 (full 0):
 garbage-first heap   total 232448K, used 213162K [0x0000000080000000, 0x0000000100000000)
  region size 1024K, 87 young (89088K), 5 survivors (5120K)
 Metaspace       used 168591K, committed 171200K, reserved 622592K
  class space    used 21055K, committed 22400K, reserved 425984K
}
Event: 51.754 GC heap after
{Heap after GC invocations=67 (full 0):
 garbage-first heap   total 232448K, used 128661K [0x0000000080000000, 0x0000000100000000)
  region size 1024K, 6 young (6144K), 6 survivors (6144K)
 Metaspace       used 168591K, committed 171200K, reserved 622592K
  class space    used 21055K, committed 22400K, reserved 425984K
}
Event: 51.958 GC heap before
{Heap before GC invocations=67 (full 0):
 garbage-first heap   total 232448K, used 212629K [0x0000000080000000, 0x0000000100000000)
  region size 1024K, 88 young (90112K), 6 survivors (6144K)
 Metaspace       used 168592K, committed 171200K, reserved 622592K
  class space    used 21055K, committed 22400K, reserved 425984K
}
Event: 51.961 GC heap after
{Heap after GC invocations=68 (full 0):
 garbage-first heap   total 299008K, used 124731K [0x0000000080000000, 0x0000000100000000)
  region size 1024K, 2 young (2048K), 2 survivors (2048K)
 Metaspace       used 168592K, committed 171200K, reserved 622592K
  class space    used 21055K, committed 22400K, reserved 425984K
}
Event: 63.913 GC heap before
{Heap before GC invocations=69 (full 0):
 garbage-first heap   total 299008K, used 286523K [0x0000000080000000, 0x0000000100000000)
  region size 1024K, 154 young (157696K), 2 survivors (2048K)
 Metaspace       used 173031K, committed 175808K, reserved 622592K
  class space    used 21642K, committed 23040K, reserved 425984K
}
Event: 63.931 GC heap after
{Heap after GC invocations=70 (full 0):
 garbage-first heap   total 306176K, used 147374K [0x0000000080000000, 0x0000000100000000)
  region size 1024K, 17 young (17408K), 17 survivors (17408K)
 Metaspace       used 173031K, committed 175808K, reserved 622592K
  class space    used 21642K, committed 23040K, reserved 425984K
}
Event: 64.073 GC heap before
{Heap before GC invocations=70 (full 0):
 garbage-first heap   total 306176K, used 270254K [0x0000000080000000, 0x0000000100000000)
  region size 1024K, 138 young (141312K), 17 survivors (17408K)
 Metaspace       used 173099K, committed 175872K, reserved 622592K
  class space    used 21646K, committed 23040K, reserved 425984K
}
Event: 64.095 GC heap after
{Heap after GC invocations=71 (full 0):
 garbage-first heap   total 309248K, used 163705K [0x0000000080000000, 0x0000000100000000)
  region size 1024K, 18 young (18432K), 18 survivors (18432K)
 Metaspace       used 173099K, committed 175872K, reserved 622592K
  class space    used 21646K, committed 23040K, reserved 425984K
}
Event: 64.100 GC heap before
{Heap before GC invocations=71 (full 0):
 garbage-first heap   total 309248K, used 168825K [0x0000000080000000, 0x0000000100000000)
  region size 1024K, 24 young (24576K), 18 survivors (18432K)
 Metaspace       used 173099K, committed 175872K, reserved 622592K
  class space    used 21646K, committed 23040K, reserved 425984K
}
Event: 64.110 GC heap after
{Heap after GC invocations=72 (full 0):
 garbage-first heap   total 309248K, used 165245K [0x0000000080000000, 0x0000000100000000)
  region size 1024K, 3 young (3072K), 3 survivors (3072K)
 Metaspace       used 173099K, committed 175872K, reserved 622592K
  class space    used 21646K, committed 23040K, reserved 425984K
}
Event: 64.277 GC heap before
{Heap before GC invocations=72 (full 0):
 garbage-first heap   total 309248K, used 284029K [0x0000000080000000, 0x0000000100000000)
  region size 1024K, 118 young (120832K), 3 survivors (3072K)
 Metaspace       used 173101K, committed 175872K, reserved 622592K
  class space    used 21646K, committed 23040K, reserved 425984K
}
Event: 64.281 GC heap after
{Heap after GC invocations=73 (full 0):
 garbage-first heap   total 309248K, used 164623K [0x0000000080000000, 0x0000000100000000)
  region size 1024K, 2 young (2048K), 2 survivors (2048K)
 Metaspace       used 173101K, committed 175872K, reserved 622592K
  class space    used 21646K, committed 23040K, reserved 425984K
}
Event: 64.559 GC heap before
{Heap before GC invocations=74 (full 0):
 garbage-first heap   total 309248K, used 293647K [0x0000000080000000, 0x0000000100000000)
  region size 1024K, 121 young (123904K), 2 survivors (2048K)
 Metaspace       used 173119K, committed 175872K, reserved 622592K
  class space    used 21646K, committed 23040K, reserved 425984K
}
Event: 64.564 GC heap after
{Heap after GC invocations=75 (full 0):
 garbage-first heap   total 309248K, used 167527K [0x0000000080000000, 0x0000000100000000)
  region size 1024K, 5 young (5120K), 5 survivors (5120K)
 Metaspace       used 173119K, committed 175872K, reserved 622592K
  class space    used 21646K, committed 23040K, reserved 425984K
}
Event: 64.716 GC heap before
{Heap before GC invocations=75 (full 0):
 garbage-first heap   total 309248K, used 288359K [0x0000000080000000, 0x0000000100000000)
  region size 1024K, 122 young (124928K), 5 survivors (5120K)
 Metaspace       used 173120K, committed 175872K, reserved 622592K
  class space    used 21646K, committed 23040K, reserved 425984K
}
Event: 64.724 GC heap after
{Heap after GC invocations=76 (full 0):
 garbage-first heap   total 309248K, used 166133K [0x0000000080000000, 0x0000000100000000)
  region size 1024K, 5 young (5120K), 5 survivors (5120K)
 Metaspace       used 173120K, committed 175872K, reserved 622592K
  class space    used 21646K, committed 23040K, reserved 425984K
}
Event: 64.866 GC heap before
{Heap before GC invocations=76 (full 0):
 garbage-first heap   total 309248K, used 285941K [0x0000000080000000, 0x0000000100000000)
  region size 1024K, 123 young (125952K), 5 survivors (5120K)
 Metaspace       used 173125K, committed 175872K, reserved 622592K
  class space    used 21646K, committed 23040K, reserved 425984K
}

