# JRE version: Java(TM) SE Runtime Environment (21.0.6+8) (build 21.0.6+8-LTS-188)
# Java VM: Java HotSpot(TM) 64-Bit Server VM (21.0.6+8-LTS-188, mixed mode, sharing, tiered, compressed oops, compressed class ptrs, g1 gc, windows-amd64)
GC Precious Log:
 CardTable entry size: 512
 Card Set container configuration: InlinePtr #cards 5 size 8 Array Of Cards #cards 12 size 40 Howl #buckets 4 coarsen threshold 1843 Howl Bitmap #cards 512 size 80 coarsen threshold 460 Card regions per heap region 1 cards per card region 2048
 CPUs: 8 total, 8 available
 Memory: 7957M
 Large Page Support: Disabled
 NUMA Support: Disabled
 Compressed Oops: Enabled (32-bit)
 Heap Region Size: 1M
 Heap Min Capacity: 8M
 Heap Initial Capacity: 126M
 Heap Max Capacity: 1990M
 Pre-touch: Disabled
 Parallel Workers: 8
 Concurrent Workers: 2
 Concurrent Refinement Workers: 8
 Periodic GC: Disabled
Heap:
 garbage-first heap   total 66560K, used 29211K [0x0000000083a00000, 0x0000000100000000)
  region size 1024K, 6 young (6144K), 1 survivors (1024K)
 Metaspace       used 35931K, committed 36672K, reserved 1114112K
  class space    used 4471K, committed 4864K, reserved 1048576K
GC Heap History (12 events):
Event: 1.992 GC heap before
{Heap before GC invocations=0 (full 0):
 garbage-first heap   total 129024K, used 27648K [0x0000000083a00000, 0x0000000100000000)
  region size 1024K, 23 young (23552K), 0 survivors (0K)
 Metaspace       used 7250K, committed 7424K, reserved 1114112K
  class space    used 754K, committed 832K, reserved 1048576K
}
Event: 1.999 GC heap after
{Heap after GC invocations=1 (full 0):
 garbage-first heap   total 129024K, used 6911K [0x0000000083a00000, 0x0000000100000000)
  region size 1024K, 3 young (3072K), 3 survivors (3072K)
 Metaspace       used 7250K, committed 7424K, reserved 1114112K
  class space    used 754K, committed 832K, reserved 1048576K
}
Event: 7.236 GC heap before
{Heap before GC invocations=1 (full 0):
 garbage-first heap   total 129024K, used 42751K [0x0000000083a00000, 0x0000000100000000)
  region size 1024K, 36 young (36864K), 3 survivors (3072K)
 Metaspace       used 15486K, committed 15872K, reserved 1114112K
  class space    used 2003K, committed 2176K, reserved 1048576K
}
Event: 7.250 GC heap after
{Heap after GC invocations=2 (full 0):
 garbage-first heap   total 129024K, used 13227K [0x0000000083a00000, 0x0000000100000000)
  region size 1024K, 5 young (5120K), 5 survivors (5120K)
 Metaspace       used 15486K, committed 15872K, reserved 1114112K
  class space    used 2003K, committed 2176K, reserved 1048576K
}
Event: 8.488 GC heap before
{Heap before GC invocations=2 (full 0):
 garbage-first heap   total 129024K, used 37803K [0x0000000083a00000, 0x0000000100000000)
  region size 1024K, 30 young (30720K), 5 survivors (5120K)
 Metaspace       used 21250K, committed 21504K, reserved 1114112K
  class space    used 2821K, committed 2944K, reserved 1048576K
}
Event: 8.502 GC heap after
{Heap after GC invocations=3 (full 0):
 garbage-first heap   total 129024K, used 14421K [0x0000000083a00000, 0x0000000100000000)
  region size 1024K, 8 young (8192K), 8 survivors (8192K)
 Metaspace       used 21250K, committed 21504K, reserved 1114112K
  class space    used 2821K, committed 2944K, reserved 1048576K
}
Event: 10.051 GC heap before
{Heap before GC invocations=4 (full 0):
 garbage-first heap   total 55296K, used 54357K [0x0000000083a00000, 0x0000000100000000)
  region size 1024K, 47 young (48128K), 8 survivors (8192K)
 Metaspace       used 28305K, committed 28800K, reserved 1114112K
  class space    used 3565K, committed 3776K, reserved 1048576K
}
Event: 10.079 GC heap after
{Heap after GC invocations=5 (full 0):
 garbage-first heap   total 66560K, used 18011K [0x0000000083a00000, 0x0000000100000000)
  region size 1024K, 7 young (7168K), 7 survivors (7168K)
 Metaspace       used 28305K, committed 28800K, reserved 1114112K
  class space    used 3565K, committed 3776K, reserved 1048576K
}
Event: 12.026 GC heap before
{Heap before GC invocations=5 (full 0):
 garbage-first heap   total 66560K, used 52827K [0x0000000083a00000, 0x0000000100000000)
  region size 1024K, 39 young (39936K), 7 survivors (7168K)
 Metaspace       used 35205K, committed 35968K, reserved 1114112K
  class space    used 4374K, committed 4736K, reserved 1048576K
}
Event: 12.057 GC heap after
{Heap after GC invocations=6 (full 0):
 garbage-first heap   total 66560K, used 24064K [0x0000000083a00000, 0x0000000100000000)
  region size 1024K, 4 young (4096K), 4 survivors (4096K)
 Metaspace       used 35205K, committed 35968K, reserved 1114112K
  class space    used 4374K, committed 4736K, reserved 1048576K
}
Event: 12.085 GC heap before
{Heap before GC invocations=6 (full 0):
 garbage-first heap   total 66560K, used 24064K [0x0000000083a00000, 0x0000000100000000)
  region size 1024K, 5 young (5120K), 4 survivors (4096K)
 Metaspace       used 35232K, committed 35968K, reserved 1114112K
  class space    used 4375K, committed 4736K, reserved 1048576K
}
Event: 12.096 GC heap after
{Heap after GC invocations=7 (full 0):
 garbage-first heap   total 66560K, used 25115K [0x0000000083a00000, 0x0000000100000000)
  region size 1024K, 1 young (1024K), 1 survivors (1024K)
 Metaspace       used 35232K, committed 35968K, reserved 1114112K
  class space    used 4375K, committed 4736K, reserved 1048576K
}

