# JRE version: Java(TM) SE Runtime Environment (21.0.6+8) (build 21.0.6+8-LTS-188)
# Java VM: Java HotSpot(TM) 64-Bit Server VM (21.0.6+8-LTS-188, mixed mode, sharing, tiered, compressed oops, compressed class ptrs, g1 gc, windows-amd64)
GC Precious Log:
 CardTable entry size: 512
 Card Set container configuration: InlinePtr #cards 4 size 8 Array Of Cards #cards 16 size 48 Howl #buckets 8 coarsen threshold 3686 Howl Bitmap #cards 512 size 80 coarsen threshold 460 Card regions per heap region 1 cards per card region 4096
 CPUs: 8 total, 8 available
 Memory: 7957M
 Large Page Support: Disabled
 NUMA Support: Disabled
 Compressed Oops: Enabled (Zero based)
 Heap Region Size: 2M
 Heap Min Capacity: 8M
 Heap Initial Capacity: 126M
 Heap Max Capacity: 4G
 Pre-touch: Disabled
 Parallel Workers: 8
 Concurrent Workers: 2
 Concurrent Refinement Workers: 8
 Periodic GC: Disabled
Heap:
 garbage-first heap   total 198656K, used 117178K [0x0000000700000000, 0x0000000800000000)
  region size 2048K, 2 young (4096K), 2 survivors (4096K)
 Metaspace       used 88585K, committed 90944K, reserved 557056K
  class space    used 12317K, committed 13504K, reserved 425984K
GC Heap History (20 events):
Event: 6.973 GC heap after
{Heap after GC invocations=16 (full 0):
 garbage-first heap   total 139264K, used 67616K [0x0000000700000000, 0x0000000800000000)
  region size 2048K, 3 young (6144K), 3 survivors (6144K)
 Metaspace       used 64385K, committed 66496K, reserved 491520K
  class space    used 9165K, committed 10240K, reserved 425984K
}
Event: 7.534 GC heap before
{Heap before GC invocations=16 (full 0):
 garbage-first heap   total 139264K, used 122912K [0x0000000700000000, 0x0000000800000000)
  region size 2048K, 30 young (61440K), 3 survivors (6144K)
 Metaspace       used 67268K, committed 69312K, reserved 491520K
  class space    used 9548K, committed 10560K, reserved 425984K
}
Event: 7.542 GC heap after
{Heap after GC invocations=17 (full 0):
 garbage-first heap   total 167936K, used 70933K [0x0000000700000000, 0x0000000800000000)
  region size 2048K, 3 young (6144K), 3 survivors (6144K)
 Metaspace       used 67268K, committed 69312K, reserved 491520K
  class space    used 9548K, committed 10560K, reserved 425984K
}
Event: 8.727 GC heap before
{Heap before GC invocations=17 (full 0):
 garbage-first heap   total 167936K, used 142613K [0x0000000700000000, 0x0000000800000000)
  region size 2048K, 39 young (79872K), 3 survivors (6144K)
 Metaspace       used 71117K, committed 73280K, reserved 491520K
  class space    used 10065K, committed 11136K, reserved 425984K
}
Event: 8.735 GC heap after
{Heap after GC invocations=18 (full 0):
 garbage-first heap   total 167936K, used 75413K [0x0000000700000000, 0x0000000800000000)
  region size 2048K, 5 young (10240K), 5 survivors (10240K)
 Metaspace       used 71117K, committed 73280K, reserved 491520K
  class space    used 10065K, committed 11136K, reserved 425984K
}
Event: 10.824 GC heap before
{Heap before GC invocations=18 (full 0):
 garbage-first heap   total 167936K, used 142997K [0x0000000700000000, 0x0000000800000000)
  region size 2048K, 39 young (79872K), 5 survivors (10240K)
 Metaspace       used 75161K, committed 77312K, reserved 557056K
  class space    used 10694K, committed 11776K, reserved 425984K
}
Event: 10.834 GC heap after
{Heap after GC invocations=19 (full 0):
 garbage-first heap   total 167936K, used 81497K [0x0000000700000000, 0x0000000800000000)
  region size 2048K, 5 young (10240K), 5 survivors (10240K)
 Metaspace       used 75161K, committed 77312K, reserved 557056K
  class space    used 10694K, committed 11776K, reserved 425984K
}
Event: 13.211 GC heap before
{Heap before GC invocations=19 (full 0):
 garbage-first heap   total 167936K, used 144985K [0x0000000700000000, 0x0000000800000000)
  region size 2048K, 36 young (73728K), 5 survivors (10240K)
 Metaspace       used 77311K, committed 79616K, reserved 557056K
  class space    used 10968K, committed 12096K, reserved 425984K
}
Event: 13.229 GC heap after
{Heap after GC invocations=20 (full 0):
 garbage-first heap   total 167936K, used 90237K [0x0000000700000000, 0x0000000800000000)
  region size 2048K, 5 young (10240K), 5 survivors (10240K)
 Metaspace       used 77311K, committed 79616K, reserved 557056K
  class space    used 10968K, committed 12096K, reserved 425984K
}
Event: 13.695 GC heap before
{Heap before GC invocations=20 (full 0):
 garbage-first heap   total 167936K, used 143485K [0x0000000700000000, 0x0000000800000000)
  region size 2048K, 32 young (65536K), 5 survivors (10240K)
 Metaspace       used 77592K, committed 79936K, reserved 557056K
  class space    used 10970K, committed 12096K, reserved 425984K
}
Event: 13.704 GC heap after
{Heap after GC invocations=21 (full 0):
 garbage-first heap   total 167936K, used 94181K [0x0000000700000000, 0x0000000800000000)
  region size 2048K, 3 young (6144K), 3 survivors (6144K)
 Metaspace       used 77592K, committed 79936K, reserved 557056K
  class space    used 10970K, committed 12096K, reserved 425984K
}
Event: 13.903 GC heap before
{Heap before GC invocations=22 (full 0):
 garbage-first heap   total 184320K, used 145381K [0x0000000700000000, 0x0000000800000000)
  region size 2048K, 29 young (59392K), 3 survivors (6144K)
 Metaspace       used 77608K, committed 79936K, reserved 557056K
  class space    used 10970K, committed 12096K, reserved 425984K
}
Event: 13.908 GC heap after
{Heap after GC invocations=23 (full 0):
 garbage-first heap   total 184320K, used 95534K [0x0000000700000000, 0x0000000800000000)
  region size 2048K, 2 young (4096K), 2 survivors (4096K)
 Metaspace       used 77608K, committed 79936K, reserved 557056K
  class space    used 10970K, committed 12096K, reserved 425984K
}
Event: 14.449 GC heap before
{Heap before GC invocations=23 (full 0):
 garbage-first heap   total 184320K, used 161070K [0x0000000700000000, 0x0000000800000000)
  region size 2048K, 35 young (71680K), 2 survivors (4096K)
 Metaspace       used 77636K, committed 79936K, reserved 557056K
  class space    used 10975K, committed 12096K, reserved 425984K
}
Event: 14.455 GC heap after
{Heap after GC invocations=24 (full 0):
 garbage-first heap   total 184320K, used 101230K [0x0000000700000000, 0x0000000800000000)
  region size 2048K, 5 young (10240K), 5 survivors (10240K)
 Metaspace       used 77636K, committed 79936K, reserved 557056K
  class space    used 10975K, committed 12096K, reserved 425984K
}
Event: 15.709 GC heap before
{Heap before GC invocations=24 (full 0):
 garbage-first heap   total 184320K, used 160622K [0x0000000700000000, 0x0000000800000000)
  region size 2048K, 34 young (69632K), 5 survivors (10240K)
 Metaspace       used 81698K, committed 84096K, reserved 557056K
  class space    used 11420K, committed 12608K, reserved 425984K
}
Event: 15.718 GC heap after
{Heap after GC invocations=25 (full 0):
 garbage-first heap   total 184320K, used 108631K [0x0000000700000000, 0x0000000800000000)
  region size 2048K, 3 young (6144K), 3 survivors (6144K)
 Metaspace       used 81698K, committed 84096K, reserved 557056K
  class space    used 11420K, committed 12608K, reserved 425984K
}
Event: 16.718 GC heap before
{Heap before GC invocations=26 (full 0):
 garbage-first heap   total 198656K, used 159831K [0x0000000700000000, 0x0000000800000000)
  region size 2048K, 29 young (59392K), 3 survivors (6144K)
 Metaspace       used 84893K, committed 87232K, reserved 557056K
  class space    used 11815K, committed 12992K, reserved 425984K
}
Event: 16.727 GC heap after
{Heap after GC invocations=27 (full 0):
 garbage-first heap   total 198656K, used 114036K [0x0000000700000000, 0x0000000800000000)
  region size 2048K, 3 young (6144K), 3 survivors (6144K)
 Metaspace       used 84893K, committed 87232K, reserved 557056K
  class space    used 11815K, committed 12992K, reserved 425984K
}
Event: 17.718 GC heap before
{Heap before GC invocations=27 (full 0):
 garbage-first heap   total 198656K, used 175476K [0x0000000700000000, 0x0000000800000000)
  region size 2048K, 32 young (65536K), 3 survivors (6144K)
 Metaspace       used 88585K, committed 90944K, reserved 557056K
  class space    used 12317K, committed 13504K, reserved 425984K
}

