# JRE version: Java(TM) SE Runtime Environment (21.0.6+8) (build 21.0.6+8-LTS-188)
# Java VM: Java HotSpot(TM) 64-Bit Server VM (21.0.6+8-LTS-188, mixed mode, sharing, tiered, compressed oops, compressed class ptrs, g1 gc, windows-amd64)
GC Precious Log:
 CardTable entry size: 512
 Card Set container configuration: InlinePtr #cards 4 size 8 Array Of Cards #cards 16 size 48 Howl #buckets 8 coarsen threshold 3686 Howl Bitmap #cards 512 size 80 coarsen threshold 460 Card regions per heap region 1 cards per card region 4096
 CPUs: 8 total, 8 available
 Memory: 7957M
 Large Page Support: Disabled
 NUMA Support: Disabled
 Compressed Oops: Enabled (Zero based)
 Heap Region Size: 2M
 Heap Min Capacity: 8M
 Heap Initial Capacity: 126M
 Heap Max Capacity: 4G
 Pre-touch: Disabled
 Parallel Workers: 8
 Concurrent Workers: 2
 Concurrent Refinement Workers: 8
 Periodic GC: Disabled
Heap:
 garbage-first heap   total 155648K, used 133768K [0x0000000700000000, 0x0000000800000000)
  region size 2048K, 37 young (75776K), 4 survivors (8192K)
 Metaspace       used 68493K, committed 70592K, reserved 1114112K
  class space    used 9707K, committed 10752K, reserved 1048576K
GC Heap History (20 events):
Event: 2.770 GC heap before
{Heap before GC invocations=3 (full 0):
 garbage-first heap   total 129024K, used 86161K [0x0000000700000000, 0x0000000800000000)
  region size 2048K, 37 young (75776K), 4 survivors (8192K)
 Metaspace       used 19604K, committed 20224K, reserved 1114112K
  class space    used 2783K, committed 3072K, reserved 1048576K
}
Event: 2.779 GC heap after
{Heap after GC invocations=4 (full 0):
 garbage-first heap   total 129024K, used 23431K [0x0000000700000000, 0x0000000800000000)
  region size 2048K, 3 young (6144K), 3 survivors (6144K)
 Metaspace       used 19604K, committed 20224K, reserved 1114112K
  class space    used 2783K, committed 3072K, reserved 1048576K
}
Event: 2.964 GC heap before
{Heap before GC invocations=4 (full 0):
 garbage-first heap   total 129024K, used 31623K [0x0000000700000000, 0x0000000800000000)
  region size 2048K, 8 young (16384K), 3 survivors (6144K)
 Metaspace       used 20818K, committed 21504K, reserved 1114112K
  class space    used 2967K, committed 3328K, reserved 1048576K
}
Event: 2.972 GC heap after
{Heap after GC invocations=5 (full 0):
 garbage-first heap   total 129024K, used 24228K [0x0000000700000000, 0x0000000800000000)
  region size 2048K, 3 young (6144K), 3 survivors (6144K)
 Metaspace       used 20818K, committed 21504K, reserved 1114112K
  class space    used 2967K, committed 3328K, reserved 1048576K
}
Event: 3.805 GC heap before
{Heap before GC invocations=6 (full 0):
 garbage-first heap   total 90112K, used 89764K [0x0000000700000000, 0x0000000800000000)
  region size 2048K, 35 young (71680K), 3 survivors (6144K)
 Metaspace       used 29375K, committed 30656K, reserved 1114112K
  class space    used 4333K, committed 4992K, reserved 1048576K
}
Event: 3.813 GC heap after
{Heap after GC invocations=7 (full 0):
 garbage-first heap   total 102400K, used 27932K [0x0000000700000000, 0x0000000800000000)
  region size 2048K, 3 young (6144K), 3 survivors (6144K)
 Metaspace       used 29375K, committed 30656K, reserved 1114112K
  class space    used 4333K, committed 4992K, reserved 1048576K
}
Event: 4.172 GC heap before
{Heap before GC invocations=7 (full 0):
 garbage-first heap   total 102400K, used 66844K [0x0000000700000000, 0x0000000800000000)
  region size 2048K, 24 young (49152K), 3 survivors (6144K)
 Metaspace       used 34712K, committed 35968K, reserved 1114112K
  class space    used 4881K, committed 5568K, reserved 1048576K
}
Event: 4.180 GC heap after
{Heap after GC invocations=8 (full 0):
 garbage-first heap   total 122880K, used 32062K [0x0000000700000000, 0x0000000800000000)
  region size 2048K, 4 young (8192K), 4 survivors (8192K)
 Metaspace       used 34712K, committed 35968K, reserved 1114112K
  class space    used 4881K, committed 5568K, reserved 1048576K
}
Event: 4.203 GC heap before
{Heap before GC invocations=8 (full 0):
 garbage-first heap   total 122880K, used 32062K [0x0000000700000000, 0x0000000800000000)
  region size 2048K, 5 young (10240K), 4 survivors (8192K)
 Metaspace       used 34967K, committed 36352K, reserved 1114112K
  class space    used 4925K, committed 5632K, reserved 1048576K
}
Event: 4.207 GC heap after
{Heap after GC invocations=9 (full 0):
 garbage-first heap   total 122880K, used 31888K [0x0000000700000000, 0x0000000800000000)
  region size 2048K, 3 young (6144K), 3 survivors (6144K)
 Metaspace       used 34967K, committed 36352K, reserved 1114112K
  class space    used 4925K, committed 5632K, reserved 1048576K
}
Event: 4.939 GC heap before
{Heap before GC invocations=10 (full 0):
 garbage-first heap   total 122880K, used 101520K [0x0000000700000000, 0x0000000800000000)
  region size 2048K, 36 young (73728K), 3 survivors (6144K)
 Metaspace       used 40461K, committed 42048K, reserved 1114112K
  class space    used 5688K, committed 6464K, reserved 1048576K
}
Event: 4.946 GC heap after
{Heap after GC invocations=11 (full 0):
 garbage-first heap   total 122880K, used 37025K [0x0000000700000000, 0x0000000800000000)
  region size 2048K, 5 young (10240K), 5 survivors (10240K)
 Metaspace       used 40461K, committed 42048K, reserved 1114112K
  class space    used 5688K, committed 6464K, reserved 1048576K
}
Event: 5.909 GC heap before
{Heap before GC invocations=11 (full 0):
 garbage-first heap   total 122880K, used 100513K [0x0000000700000000, 0x0000000800000000)
  region size 2048K, 36 young (73728K), 5 survivors (10240K)
 Metaspace       used 47668K, committed 49344K, reserved 1114112K
  class space    used 6717K, committed 7552K, reserved 1048576K
}
Event: 5.919 GC heap after
{Heap after GC invocations=12 (full 0):
 garbage-first heap   total 122880K, used 39981K [0x0000000700000000, 0x0000000800000000)
  region size 2048K, 5 young (10240K), 5 survivors (10240K)
 Metaspace       used 47668K, committed 49344K, reserved 1114112K
  class space    used 6717K, committed 7552K, reserved 1048576K
}
Event: 6.827 GC heap before
{Heap before GC invocations=12 (full 0):
 garbage-first heap   total 122880K, used 103469K [0x0000000700000000, 0x0000000800000000)
  region size 2048K, 36 young (73728K), 5 survivors (10240K)
 Metaspace       used 55246K, committed 57088K, reserved 1114112K
  class space    used 7851K, committed 8768K, reserved 1048576K
}
Event: 6.836 GC heap after
{Heap after GC invocations=13 (full 0):
 garbage-first heap   total 147456K, used 43759K [0x0000000700000000, 0x0000000800000000)
  region size 2048K, 4 young (8192K), 4 survivors (8192K)
 Metaspace       used 55246K, committed 57088K, reserved 1114112K
  class space    used 7851K, committed 8768K, reserved 1048576K
}
Event: 7.541 GC heap before
{Heap before GC invocations=13 (full 0):
 garbage-first heap   total 147456K, used 105199K [0x0000000700000000, 0x0000000800000000)
  region size 2048K, 36 young (73728K), 4 survivors (8192K)
 Metaspace       used 59023K, committed 60928K, reserved 1114112K
  class space    used 8411K, committed 9344K, reserved 1048576K
}
Event: 7.551 GC heap after
{Heap after GC invocations=14 (full 0):
 garbage-first heap   total 147456K, used 49489K [0x0000000700000000, 0x0000000800000000)
  region size 2048K, 5 young (10240K), 5 survivors (10240K)
 Metaspace       used 59023K, committed 60928K, reserved 1114112K
  class space    used 8411K, committed 9344K, reserved 1048576K
}
Event: 9.004 GC heap before
{Heap before GC invocations=15 (full 0):
 garbage-first heap   total 147456K, used 137553K [0x0000000700000000, 0x0000000800000000)
  region size 2048K, 42 young (86016K), 5 survivors (10240K)
 Metaspace       used 65393K, committed 67456K, reserved 1114112K
  class space    used 9305K, committed 10368K, reserved 1048576K
}
Event: 9.013 GC heap after
{Heap after GC invocations=16 (full 0):
 garbage-first heap   total 155648K, used 68232K [0x0000000700000000, 0x0000000800000000)
  region size 2048K, 4 young (8192K), 4 survivors (8192K)
 Metaspace       used 65393K, committed 67456K, reserved 1114112K
  class space    used 9305K, committed 10368K, reserved 1048576K
}

