# JRE version: Java(TM) SE Runtime Environment (21.0.6+8) (build 21.0.6+8-LTS-188)
# Java VM: Java HotSpot(TM) 64-Bit Server VM (21.0.6+8-LTS-188, mixed mode, sharing, tiered, compressed oops, compressed class ptrs, g1 gc, windows-amd64)
GC Precious Log:
 CardTable entry size: 512
 Card Set container configuration: InlinePtr #cards 5 size 8 Array Of Cards #cards 12 size 40 Howl #buckets 4 coarsen threshold 1843 Howl Bitmap #cards 512 size 80 coarsen threshold 460 Card regions per heap region 1 cards per card region 2048
 CPUs: 8 total, 8 available
 Memory: 7957M
 Large Page Support: Disabled
 NUMA Support: Disabled
 Compressed Oops: Enabled (32-bit)
 Heap Region Size: 1M
 Heap Min Capacity: 8M
 Heap Initial Capacity: 126M
 Heap Max Capacity: 2G
 Pre-touch: Disabled
 Parallel Workers: 8
 Concurrent Workers: 2
 Concurrent Refinement Workers: 8
 Periodic GC: Disabled
Heap:
 garbage-first heap   total 189440K, used 108598K [0x0000000080000000, 0x0000000100000000)
  region size 1024K, 9 young (9216K), 9 survivors (9216K)
 Metaspace       used 84360K, committed 86656K, reserved 557056K
  class space    used 11767K, committed 12864K, reserved 425984K
GC Heap History (20 events):
Event: 11.962 GC heap after
{Heap after GC invocations=21 (full 0):
 garbage-first heap   total 120832K, used 70804K [0x0000000080000000, 0x0000000100000000)
  region size 1024K, 5 young (5120K), 5 survivors (5120K)
 Metaspace       used 72157K, committed 74176K, reserved 491520K
  class space    used 10090K, committed 11072K, reserved 425984K
}
Event: 12.371 GC heap before
{Heap before GC invocations=21 (full 0):
 garbage-first heap   total 120832K, used 107668K [0x0000000080000000, 0x0000000100000000)
  region size 1024K, 41 young (41984K), 5 survivors (5120K)
 Metaspace       used 74034K, committed 76032K, reserved 491520K
  class space    used 10328K, committed 11328K, reserved 425984K
}
Event: 12.377 GC heap after
{Heap after GC invocations=22 (full 0):
 garbage-first heap   total 120832K, used 73610K [0x0000000080000000, 0x0000000100000000)
  region size 1024K, 4 young (4096K), 4 survivors (4096K)
 Metaspace       used 74034K, committed 76032K, reserved 491520K
  class space    used 10328K, committed 11328K, reserved 425984K
}
Event: 12.910 GC heap before
{Heap before GC invocations=22 (full 0):
 garbage-first heap   total 120832K, used 108426K [0x0000000080000000, 0x0000000100000000)
  region size 1024K, 38 young (38912K), 4 survivors (4096K)
 Metaspace       used 75320K, committed 77376K, reserved 557056K
  class space    used 10500K, committed 11520K, reserved 425984K
}
Event: 12.914 GC heap after
{Heap after GC invocations=23 (full 0):
 garbage-first heap   total 120832K, used 76156K [0x0000000080000000, 0x0000000100000000)
  region size 1024K, 4 young (4096K), 4 survivors (4096K)
 Metaspace       used 75320K, committed 77376K, reserved 557056K
  class space    used 10500K, committed 11520K, reserved 425984K
}
Event: 13.462 GC heap before
{Heap before GC invocations=24 (full 0):
 garbage-first heap   total 132096K, used 108924K [0x0000000080000000, 0x0000000100000000)
  region size 1024K, 36 young (36864K), 4 survivors (4096K)
 Metaspace       used 77581K, committed 79744K, reserved 557056K
  class space    used 10824K, committed 11904K, reserved 425984K
}
Event: 13.469 GC heap after
{Heap after GC invocations=25 (full 0):
 garbage-first heap   total 132096K, used 78399K [0x0000000080000000, 0x0000000100000000)
  region size 1024K, 3 young (3072K), 3 survivors (3072K)
 Metaspace       used 77581K, committed 79744K, reserved 557056K
  class space    used 10824K, committed 11904K, reserved 425984K
}
Event: 14.347 GC heap before
{Heap before GC invocations=25 (full 0):
 garbage-first heap   total 132096K, used 119359K [0x0000000080000000, 0x0000000100000000)
  region size 1024K, 43 young (44032K), 3 survivors (3072K)
 Metaspace       used 81086K, committed 83264K, reserved 557056K
  class space    used 11398K, committed 12480K, reserved 425984K
}
Event: 14.354 GC heap after
{Heap after GC invocations=26 (full 0):
 garbage-first heap   total 132096K, used 81642K [0x0000000080000000, 0x0000000100000000)
  region size 1024K, 6 young (6144K), 6 survivors (6144K)
 Metaspace       used 81086K, committed 83264K, reserved 557056K
  class space    used 11398K, committed 12480K, reserved 425984K
}
Event: 14.689 GC heap before
{Heap before GC invocations=26 (full 0):
 garbage-first heap   total 132096K, used 104170K [0x0000000080000000, 0x0000000100000000)
  region size 1024K, 30 young (30720K), 6 survivors (6144K)
 Metaspace       used 81564K, committed 83712K, reserved 557056K
  class space    used 11442K, committed 12480K, reserved 425984K
}
Event: 14.697 GC heap after
{Heap after GC invocations=27 (full 0):
 garbage-first heap   total 132096K, used 86533K [0x0000000080000000, 0x0000000100000000)
  region size 1024K, 5 young (5120K), 5 survivors (5120K)
 Metaspace       used 81564K, committed 83712K, reserved 557056K
  class space    used 11442K, committed 12480K, reserved 425984K
}
Event: 15.825 GC heap before
{Heap before GC invocations=28 (full 0):
 garbage-first heap   total 150528K, used 119301K [0x0000000080000000, 0x0000000100000000)
  region size 1024K, 36 young (36864K), 5 survivors (5120K)
 Metaspace       used 82812K, committed 84992K, reserved 557056K
  class space    used 11620K, committed 12672K, reserved 425984K
}
Event: 15.831 GC heap after
{Heap after GC invocations=29 (full 0):
 garbage-first heap   total 150528K, used 90393K [0x0000000080000000, 0x0000000100000000)
  region size 1024K, 5 young (5120K), 5 survivors (5120K)
 Metaspace       used 82812K, committed 84992K, reserved 557056K
  class space    used 11620K, committed 12672K, reserved 425984K
}
Event: 16.935 GC heap before
{Heap before GC invocations=29 (full 0):
 garbage-first heap   total 150528K, used 133401K [0x0000000080000000, 0x0000000100000000)
  region size 1024K, 48 young (49152K), 5 survivors (5120K)
 Metaspace       used 84056K, committed 86336K, reserved 557056K
  class space    used 11747K, committed 12864K, reserved 425984K
}
Event: 16.944 GC heap after
{Heap after GC invocations=30 (full 0):
 garbage-first heap   total 150528K, used 94942K [0x0000000080000000, 0x0000000100000000)
  region size 1024K, 6 young (6144K), 6 survivors (6144K)
 Metaspace       used 84056K, committed 86336K, reserved 557056K
  class space    used 11747K, committed 12864K, reserved 425984K
}
Event: 17.262 GC heap before
{Heap before GC invocations=30 (full 0):
 garbage-first heap   total 150528K, used 134878K [0x0000000080000000, 0x0000000100000000)
  region size 1024K, 46 young (47104K), 6 survivors (6144K)
 Metaspace       used 84194K, committed 86464K, reserved 557056K
  class space    used 11748K, committed 12864K, reserved 425984K
}
Event: 17.270 GC heap after
{Heap after GC invocations=31 (full 0):
 garbage-first heap   total 150528K, used 98541K [0x0000000080000000, 0x0000000100000000)
  region size 1024K, 4 young (4096K), 4 survivors (4096K)
 Metaspace       used 84194K, committed 86464K, reserved 557056K
  class space    used 11748K, committed 12864K, reserved 425984K
}
Event: 17.500 GC heap before
{Heap before GC invocations=32 (full 0):
 garbage-first heap   total 189440K, used 134381K [0x0000000080000000, 0x0000000100000000)
  region size 1024K, 40 young (40960K), 4 survivors (4096K)
 Metaspace       used 84231K, committed 86528K, reserved 557056K
  class space    used 11751K, committed 12864K, reserved 425984K
}
Event: 17.506 GC heap after
{Heap after GC invocations=33 (full 0):
 garbage-first heap   total 189440K, used 99441K [0x0000000080000000, 0x0000000100000000)
  region size 1024K, 4 young (4096K), 4 survivors (4096K)
 Metaspace       used 84231K, committed 86528K, reserved 557056K
  class space    used 11751K, committed 12864K, reserved 425984K
}
Event: 18.061 GC heap before
{Heap before GC invocations=33 (full 0):
 garbage-first heap   total 189440K, used 171121K [0x0000000080000000, 0x0000000100000000)
  region size 1024K, 69 young (70656K), 4 survivors (4096K)
 Metaspace       used 84360K, committed 86656K, reserved 557056K
  class space    used 11767K, committed 12864K, reserved 425984K
}

