# JRE version: Java(TM) SE Runtime Environment (21.0.6+8) (build 21.0.6+8-LTS-188)
# Java VM: Java HotSpot(TM) 64-Bit Server VM (21.0.6+8-LTS-188, mixed mode, sharing, tiered, compressed oops, compressed class ptrs, g1 gc, windows-amd64)
GC Precious Log:
 CardTable entry size: 512
 Card Set container configuration: InlinePtr #cards 5 size 8 Array Of Cards #cards 12 size 40 Howl #buckets 4 coarsen threshold 1843 Howl Bitmap #cards 512 size 80 coarsen threshold 460 Card regions per heap region 1 cards per card region 2048
 CPUs: 8 total, 8 available
 Memory: 7957M
 Large Page Support: Disabled
 NUMA Support: Disabled
 Compressed Oops: Enabled (32-bit)
 Heap Region Size: 1M
 Heap Min Capacity: 8M
 Heap Initial Capacity: 126M
 Heap Max Capacity: 1990M
 Pre-touch: Disabled
 Parallel Workers: 8
 Concurrent Workers: 2
 Concurrent Refinement Workers: 8
 Periodic GC: Disabled
Heap:
 garbage-first heap   total 100352K, used 62976K [0x0000000083a00000, 0x0000000100000000)
  region size 1024K, 8 young (8192K), 5 survivors (5120K)
 Metaspace       used 52722K, committed 53568K, reserved 1114112K
  class space    used 6196K, committed 6592K, reserved 1048576K
GC Heap History (20 events):
Event: 1.584 GC heap before
{Heap before GC invocations=0 (full 0):
 garbage-first heap   total 129024K, used 27648K [0x0000000083a00000, 0x0000000100000000)
  region size 1024K, 23 young (23552K), 0 survivors (0K)
 Metaspace       used 7080K, committed 7232K, reserved 1114112K
  class space    used 723K, committed 768K, reserved 1048576K
}
Event: 1.603 GC heap after
{Heap after GC invocations=1 (full 0):
 garbage-first heap   total 129024K, used 7164K [0x0000000083a00000, 0x0000000100000000)
  region size 1024K, 3 young (3072K), 3 survivors (3072K)
 Metaspace       used 7080K, committed 7232K, reserved 1114112K
  class space    used 723K, committed 768K, reserved 1048576K
}
Event: 3.913 GC heap before
{Heap before GC invocations=1 (full 0):
 garbage-first heap   total 129024K, used 40956K [0x0000000083a00000, 0x0000000100000000)
  region size 1024K, 36 young (36864K), 3 survivors (3072K)
 Metaspace       used 16177K, committed 16448K, reserved 1114112K
  class space    used 2064K, committed 2176K, reserved 1048576K
}
Event: 3.926 GC heap after
{Heap after GC invocations=2 (full 0):
 garbage-first heap   total 129024K, used 10022K [0x0000000083a00000, 0x0000000100000000)
  region size 1024K, 3 young (3072K), 3 survivors (3072K)
 Metaspace       used 16177K, committed 16448K, reserved 1114112K
  class space    used 2064K, committed 2176K, reserved 1048576K
}
Event: 12.809 GC heap before
{Heap before GC invocations=2 (full 0):
 garbage-first heap   total 129024K, used 43814K [0x0000000083a00000, 0x0000000100000000)
  region size 1024K, 35 young (35840K), 3 survivors (3072K)
 Metaspace       used 21325K, committed 21504K, reserved 1114112K
  class space    used 2806K, committed 2880K, reserved 1048576K
}
Event: 12.826 GC heap after
{Heap after GC invocations=3 (full 0):
 garbage-first heap   total 129024K, used 18575K [0x0000000083a00000, 0x0000000100000000)
  region size 1024K, 10 young (10240K), 10 survivors (10240K)
 Metaspace       used 21325K, committed 21504K, reserved 1114112K
  class space    used 2806K, committed 2880K, reserved 1048576K
}
Event: 16.370 GC heap before
{Heap before GC invocations=4 (full 0):
 garbage-first heap   total 68608K, used 67727K [0x0000000083a00000, 0x0000000100000000)
  region size 1024K, 58 young (59392K), 10 survivors (10240K)
 Metaspace       used 29450K, committed 30144K, reserved 1114112K
  class space    used 3664K, committed 4032K, reserved 1048576K
}
Event: 16.403 GC heap after
{Heap after GC invocations=5 (full 0):
 garbage-first heap   total 82944K, used 21053K [0x0000000083a00000, 0x0000000100000000)
  region size 1024K, 5 young (5120K), 5 survivors (5120K)
 Metaspace       used 29450K, committed 30144K, reserved 1114112K
  class space    used 3664K, committed 4032K, reserved 1048576K
}
Event: 19.761 GC heap before
{Heap before GC invocations=5 (full 0):
 garbage-first heap   total 82944K, used 59965K [0x0000000083a00000, 0x0000000100000000)
  region size 1024K, 44 young (45056K), 5 survivors (5120K)
 Metaspace       used 35364K, committed 36096K, reserved 1114112K
  class space    used 4355K, committed 4736K, reserved 1048576K
}
Event: 19.796 GC heap after
{Heap after GC invocations=6 (full 0):
 garbage-first heap   total 82944K, used 28672K [0x0000000083a00000, 0x0000000100000000)
  region size 1024K, 6 young (6144K), 6 survivors (6144K)
 Metaspace       used 35364K, committed 36096K, reserved 1114112K
  class space    used 4355K, committed 4736K, reserved 1048576K
}
Event: 19.853 GC heap before
{Heap before GC invocations=6 (full 0):
 garbage-first heap   total 82944K, used 29696K [0x0000000083a00000, 0x0000000100000000)
  region size 1024K, 8 young (8192K), 6 survivors (6144K)
 Metaspace       used 35680K, committed 36416K, reserved 1114112K
  class space    used 4412K, committed 4800K, reserved 1048576K
}
Event: 19.868 GC heap after
{Heap after GC invocations=7 (full 0):
 garbage-first heap   total 100352K, used 30208K [0x0000000083a00000, 0x0000000100000000)
  region size 1024K, 1 young (1024K), 1 survivors (1024K)
 Metaspace       used 35680K, committed 36416K, reserved 1114112K
  class space    used 4412K, committed 4800K, reserved 1048576K
}
Event: 22.663 GC heap before
{Heap before GC invocations=8 (full 0):
 garbage-first heap   total 100352K, used 85504K [0x0000000083a00000, 0x0000000100000000)
  region size 1024K, 52 young (53248K), 1 survivors (1024K)
 Metaspace       used 41149K, committed 41920K, reserved 1114112K
  class space    used 5105K, committed 5504K, reserved 1048576K
}
Event: 22.676 GC heap after
{Heap after GC invocations=9 (full 0):
 garbage-first heap   total 100352K, used 35328K [0x0000000083a00000, 0x0000000100000000)
  region size 1024K, 4 young (4096K), 4 survivors (4096K)
 Metaspace       used 41149K, committed 41920K, reserved 1114112K
  class space    used 5105K, committed 5504K, reserved 1048576K
}
Event: 27.429 GC heap before
{Heap before GC invocations=9 (full 0):
 garbage-first heap   total 100352K, used 83456K [0x0000000083a00000, 0x0000000100000000)
  region size 1024K, 51 young (52224K), 4 survivors (4096K)
 Metaspace       used 46914K, committed 47744K, reserved 1114112K
  class space    used 5703K, committed 6080K, reserved 1048576K
}
Event: 27.483 GC heap after
{Heap after GC invocations=10 (full 0):
 garbage-first heap   total 100352K, used 44544K [0x0000000083a00000, 0x0000000100000000)
  region size 1024K, 7 young (7168K), 7 survivors (7168K)
 Metaspace       used 46914K, committed 47744K, reserved 1114112K
  class space    used 5703K, committed 6080K, reserved 1048576K
}
Event: 33.157 GC heap before
{Heap before GC invocations=10 (full 0):
 garbage-first heap   total 100352K, used 85504K [0x0000000083a00000, 0x0000000100000000)
  region size 1024K, 45 young (46080K), 7 survivors (7168K)
 Metaspace       used 51241K, committed 52096K, reserved 1114112K
  class space    used 6120K, committed 6528K, reserved 1048576K
}
Event: 33.207 GC heap after
{Heap after GC invocations=11 (full 0):
 garbage-first heap   total 100352K, used 53248K [0x0000000083a00000, 0x0000000100000000)
  region size 1024K, 6 young (6144K), 6 survivors (6144K)
 Metaspace       used 51241K, committed 52096K, reserved 1114112K
  class space    used 6120K, committed 6528K, reserved 1048576K
}
Event: 37.448 GC heap before
{Heap before GC invocations=11 (full 0):
 garbage-first heap   total 100352K, used 86016K [0x0000000083a00000, 0x0000000100000000)
  region size 1024K, 38 young (38912K), 6 survivors (6144K)
 Metaspace       used 52671K, committed 53504K, reserved 1114112K
  class space    used 6196K, committed 6592K, reserved 1048576K
}
Event: 37.498 GC heap after
{Heap after GC invocations=12 (full 0):
 garbage-first heap   total 100352K, used 60928K [0x0000000083a00000, 0x0000000100000000)
  region size 1024K, 5 young (5120K), 5 survivors (5120K)
 Metaspace       used 52671K, committed 53504K, reserved 1114112K
  class space    used 6196K, committed 6592K, reserved 1048576K
}

