# JRE version: Java(TM) SE Runtime Environment (21.0.6+8) (build 21.0.6+8-LTS-188)
# Java VM: Java HotSpot(TM) 64-Bit Server VM (21.0.6+8-LTS-188, mixed mode, sharing, tiered, compressed oops, compressed class ptrs, g1 gc, windows-amd64)
GC Precious Log:
 CardTable entry size: 512
 Card Set container configuration: InlinePtr #cards 4 size 8 Array Of Cards #cards 16 size 48 Howl #buckets 8 coarsen threshold 3686 Howl Bitmap #cards 512 size 80 coarsen threshold 460 Card regions per heap region 1 cards per card region 4096
 CPUs: 8 total, 8 available
 Memory: 7957M
 Large Page Support: Disabled
 NUMA Support: Disabled
 Compressed Oops: Enabled (Zero based)
 Heap Region Size: 2M
 Heap Min Capacity: 8M
 Heap Initial Capacity: 126M
 Heap Max Capacity: 4G
 Pre-touch: Disabled
 Parallel Workers: 8
 Concurrent Workers: 2
 Concurrent Refinement Workers: 8
 Periodic GC: Disabled
Heap:
 garbage-first heap   total 485376K, used 405399K [0x0000000700000000, 0x0000000800000000)
  region size 2048K, 77 young (157696K), 7 survivors (14336K)
 Metaspace       used 114977K, committed 118080K, reserved 1179648K
  class space    used 16049K, committed 17536K, reserved 1048576K
GC Heap History (20 events):
Event: 23.999 GC heap before
{Heap before GC invocations=37 (full 0):
 garbage-first heap   total 270336K, used 236616K [0x0000000700000000, 0x0000000800000000)
  region size 2048K, 55 young (112640K), 8 survivors (16384K)
 Metaspace       used 105476K, committed 108224K, reserved 1179648K
  class space    used 14834K, committed 16192K, reserved 1048576K
}
Event: 24.025 GC heap after
{Heap after GC invocations=38 (full 0):
 garbage-first heap   total 274432K, used 160568K [0x0000000700000000, 0x0000000800000000)
  region size 2048K, 7 young (14336K), 7 survivors (14336K)
 Metaspace       used 105476K, committed 108224K, reserved 1179648K
  class space    used 14834K, committed 16192K, reserved 1048576K
}
Event: 24.930 GC heap before
{Heap before GC invocations=38 (full 0):
 garbage-first heap   total 274432K, used 240440K [0x0000000700000000, 0x0000000800000000)
  region size 2048K, 46 young (94208K), 7 survivors (14336K)
 Metaspace       used 106313K, committed 109184K, reserved 1179648K
  class space    used 14941K, committed 16320K, reserved 1048576K
}
Event: 24.950 GC heap after
{Heap after GC invocations=39 (full 0):
 garbage-first heap   total 274432K, used 175634K [0x0000000700000000, 0x0000000800000000)
  region size 2048K, 6 young (12288K), 6 survivors (12288K)
 Metaspace       used 106313K, committed 109184K, reserved 1179648K
  class space    used 14941K, committed 16320K, reserved 1048576K
}
Event: 25.399 GC heap before
{Heap before GC invocations=40 (full 0):
 garbage-first heap   total 305152K, used 241170K [0x0000000700000000, 0x0000000800000000)
  region size 2048K, 39 young (79872K), 6 survivors (12288K)
 Metaspace       used 106508K, committed 109376K, reserved 1179648K
  class space    used 14948K, committed 16320K, reserved 1048576K
}
Event: 25.412 GC heap after
{Heap after GC invocations=41 (full 0):
 garbage-first heap   total 305152K, used 180522K [0x0000000700000000, 0x0000000800000000)
  region size 2048K, 3 young (6144K), 3 survivors (6144K)
 Metaspace       used 106508K, committed 109376K, reserved 1179648K
  class space    used 14948K, committed 16320K, reserved 1048576K
}
Event: 26.079 GC heap before
{Heap before GC invocations=41 (full 0):
 garbage-first heap   total 305152K, used 268586K [0x0000000700000000, 0x0000000800000000)
  region size 2048K, 46 young (94208K), 3 survivors (6144K)
 Metaspace       used 106796K, committed 109632K, reserved 1179648K
  class space    used 14973K, committed 16320K, reserved 1048576K
}
Event: 26.092 GC heap after
{Heap after GC invocations=42 (full 0):
 garbage-first heap   total 305152K, used 188233K [0x0000000700000000, 0x0000000800000000)
  region size 2048K, 6 young (12288K), 6 survivors (12288K)
 Metaspace       used 106796K, committed 109632K, reserved 1179648K
  class space    used 14973K, committed 16320K, reserved 1048576K
}
Event: 26.458 GC heap before
{Heap before GC invocations=42 (full 0):
 garbage-first heap   total 305152K, used 268105K [0x0000000700000000, 0x0000000800000000)
  region size 2048K, 46 young (94208K), 6 survivors (12288K)
 Metaspace       used 106808K, committed 109632K, reserved 1179648K
  class space    used 14973K, committed 16320K, reserved 1048576K
}
Event: 26.469 GC heap after
{Heap after GC invocations=43 (full 0):
 garbage-first heap   total 305152K, used 192793K [0x0000000700000000, 0x0000000800000000)
  region size 2048K, 3 young (6144K), 3 survivors (6144K)
 Metaspace       used 106808K, committed 109632K, reserved 1179648K
  class space    used 14973K, committed 16320K, reserved 1048576K
}
Event: 27.521 GC heap before
{Heap before GC invocations=44 (full 0):
 garbage-first heap   total 403456K, used 274713K [0x0000000700000000, 0x0000000800000000)
  region size 2048K, 43 young (88064K), 3 survivors (6144K)
 Metaspace       used 107056K, committed 109952K, reserved 1179648K
  class space    used 15007K, committed 16384K, reserved 1048576K
}
Event: 27.532 GC heap after
{Heap after GC invocations=45 (full 0):
 garbage-first heap   total 403456K, used 205093K [0x0000000700000000, 0x0000000800000000)
  region size 2048K, 6 young (12288K), 6 survivors (12288K)
 Metaspace       used 107056K, committed 109952K, reserved 1179648K
  class space    used 15007K, committed 16384K, reserved 1048576K
}
Event: 28.776 GC heap before
{Heap before GC invocations=45 (full 0):
 garbage-first heap   total 403456K, used 350501K [0x0000000700000000, 0x0000000800000000)
  region size 2048K, 78 young (159744K), 6 survivors (12288K)
 Metaspace       used 108855K, committed 111808K, reserved 1179648K
  class space    used 15195K, committed 16640K, reserved 1048576K
}
Event: 28.795 GC heap after
{Heap after GC invocations=46 (full 0):
 garbage-first heap   total 485376K, used 219770K [0x0000000700000000, 0x0000000800000000)
  region size 2048K, 10 young (20480K), 10 survivors (20480K)
 Metaspace       used 108855K, committed 111808K, reserved 1179648K
  class space    used 15195K, committed 16640K, reserved 1048576K
}
Event: 29.814 GC heap before
{Heap before GC invocations=46 (full 0):
 garbage-first heap   total 485376K, used 387706K [0x0000000700000000, 0x0000000800000000)
  region size 2048K, 93 young (190464K), 10 survivors (20480K)
 Metaspace       used 109109K, committed 112064K, reserved 1179648K
  class space    used 15227K, committed 16640K, reserved 1048576K
}
Event: 29.838 GC heap after
{Heap after GC invocations=47 (full 0):
 garbage-first heap   total 485376K, used 231009K [0x0000000700000000, 0x0000000800000000)
  region size 2048K, 7 young (14336K), 7 survivors (14336K)
 Metaspace       used 109109K, committed 112064K, reserved 1179648K
  class space    used 15227K, committed 16640K, reserved 1048576K
}
Event: 36.405 GC heap before
{Heap before GC invocations=47 (full 0):
 garbage-first heap   total 485376K, used 411233K [0x0000000700000000, 0x0000000800000000)
  region size 2048K, 95 young (194560K), 7 survivors (14336K)
 Metaspace       used 114645K, committed 117696K, reserved 1179648K
  class space    used 16012K, committed 17472K, reserved 1048576K
}
Event: 36.426 GC heap after
{Heap after GC invocations=48 (full 0):
 garbage-first heap   total 485376K, used 253480K [0x0000000700000000, 0x0000000800000000)
  region size 2048K, 11 young (22528K), 11 survivors (22528K)
 Metaspace       used 114645K, committed 117696K, reserved 1179648K
  class space    used 16012K, committed 17472K, reserved 1048576K
}
Event: 41.371 GC heap before
{Heap before GC invocations=48 (full 0):
 garbage-first heap   total 485376K, used 421416K [0x0000000700000000, 0x0000000800000000)
  region size 2048K, 94 young (192512K), 11 survivors (22528K)
 Metaspace       used 114750K, committed 117824K, reserved 1179648K
  class space    used 16019K, committed 17472K, reserved 1048576K
}
Event: 41.389 GC heap after
{Heap after GC invocations=49 (full 0):
 garbage-first heap   total 485376K, used 266135K [0x0000000700000000, 0x0000000800000000)
  region size 2048K, 7 young (14336K), 7 survivors (14336K)
 Metaspace       used 114750K, committed 117824K, reserved 1179648K
  class space    used 16019K, committed 17472K, reserved 1048576K
}

