# JRE version: Java(TM) SE Runtime Environment (21.0.6+8) (build 21.0.6+8-LTS-188)
# Java VM: Java HotSpot(TM) 64-Bit Server VM (21.0.6+8-LTS-188, mixed mode, sharing, tiered, compressed oops, compressed class ptrs, g1 gc, windows-amd64)
GC Precious Log:
 CardTable entry size: 512
 Card Set container configuration: InlinePtr #cards 5 size 8 Array Of Cards #cards 12 size 40 Howl #buckets 4 coarsen threshold 1843 Howl Bitmap #cards 512 size 80 coarsen threshold 460 Card regions per heap region 1 cards per card region 2048
 CPUs: 8 total, 8 available
 Memory: 7957M
 Large Page Support: Disabled
 NUMA Support: Disabled
 Compressed Oops: Enabled (32-bit)
 Heap Region Size: 1M
 Heap Min Capacity: 8M
 Heap Initial Capacity: 126M
 Heap Max Capacity: 1990M
 Pre-touch: Disabled
 Parallel Workers: 8
 Concurrent Workers: 2
 Concurrent Refinement Workers: 8
 Periodic GC: Disabled
Heap:
 garbage-first heap   total 101376K, used 84068K [0x0000000083a00000, 0x0000000100000000)
  region size 1024K, 33 young (33792K), 2 survivors (2048K)
 Metaspace       used 61879K, committed 62720K, reserved 1114112K
  class space    used 7049K, committed 7424K, reserved 1048576K
GC Heap History (20 events):
Event: 16.259 GC heap before
{Heap before GC invocations=8 (full 0):
 garbage-first heap   total 66560K, used 57071K [0x0000000083a00000, 0x0000000100000000)
  region size 1024K, 32 young (32768K), 1 survivors (1024K)
 Metaspace       used 41858K, committed 42624K, reserved 1114112K
  class space    used 5292K, committed 5696K, reserved 1048576K
}
Event: 16.276 GC heap after
{Heap after GC invocations=9 (full 0):
 garbage-first heap   total 66560K, used 28427K [0x0000000083a00000, 0x0000000100000000)
  region size 1024K, 4 young (4096K), 4 survivors (4096K)
 Metaspace       used 41858K, committed 42624K, reserved 1114112K
  class space    used 5292K, committed 5696K, reserved 1048576K
}
Event: 17.296 GC heap before
{Heap before GC invocations=9 (full 0):
 garbage-first heap   total 66560K, used 56075K [0x0000000083a00000, 0x0000000100000000)
  region size 1024K, 31 young (31744K), 4 survivors (4096K)
 Metaspace       used 43785K, committed 44608K, reserved 1114112K
  class space    used 5496K, committed 5888K, reserved 1048576K
}
Event: 17.321 GC heap after
{Heap after GC invocations=10 (full 0):
 garbage-first heap   total 66560K, used 30297K [0x0000000083a00000, 0x0000000100000000)
  region size 1024K, 3 young (3072K), 3 survivors (3072K)
 Metaspace       used 43785K, committed 44608K, reserved 1114112K
  class space    used 5496K, committed 5888K, reserved 1048576K
}
Event: 18.799 GC heap before
{Heap before GC invocations=10 (full 0):
 garbage-first heap   total 66560K, used 55897K [0x0000000083a00000, 0x0000000100000000)
  region size 1024K, 28 young (28672K), 3 survivors (3072K)
 Metaspace       used 46427K, committed 47232K, reserved 1114112K
  class space    used 5760K, committed 6144K, reserved 1048576K
}
Event: 18.822 GC heap after
{Heap after GC invocations=11 (full 0):
 garbage-first heap   total 66560K, used 34253K [0x0000000083a00000, 0x0000000100000000)
  region size 1024K, 4 young (4096K), 4 survivors (4096K)
 Metaspace       used 46427K, committed 47232K, reserved 1114112K
  class space    used 5760K, committed 6144K, reserved 1048576K
}
Event: 20.091 GC heap before
{Heap before GC invocations=11 (full 0):
 garbage-first heap   total 66560K, used 56781K [0x0000000083a00000, 0x0000000100000000)
  region size 1024K, 26 young (26624K), 4 survivors (4096K)
 Metaspace       used 47540K, committed 48320K, reserved 1114112K
  class space    used 5809K, committed 6208K, reserved 1048576K
}
Event: 20.119 GC heap after
{Heap after GC invocations=12 (full 0):
 garbage-first heap   total 79872K, used 38315K [0x0000000083a00000, 0x0000000100000000)
  region size 1024K, 4 young (4096K), 4 survivors (4096K)
 Metaspace       used 47540K, committed 48320K, reserved 1114112K
  class space    used 5809K, committed 6208K, reserved 1048576K
}
Event: 21.366 GC heap before
{Heap before GC invocations=13 (full 0):
 garbage-first heap   total 79872K, used 66987K [0x0000000083a00000, 0x0000000100000000)
  region size 1024K, 32 young (32768K), 4 survivors (4096K)
 Metaspace       used 47994K, committed 48768K, reserved 1114112K
  class space    used 5851K, committed 6208K, reserved 1048576K
}
Event: 21.400 GC heap after
{Heap after GC invocations=14 (full 0):
 garbage-first heap   total 79872K, used 44032K [0x0000000083a00000, 0x0000000100000000)
  region size 1024K, 4 young (4096K), 4 survivors (4096K)
 Metaspace       used 47994K, committed 48768K, reserved 1114112K
  class space    used 5851K, committed 6208K, reserved 1048576K
}
Event: 22.327 GC heap before
{Heap before GC invocations=14 (full 0):
 garbage-first heap   total 79872K, used 68608K [0x0000000083a00000, 0x0000000100000000)
  region size 1024K, 28 young (28672K), 4 survivors (4096K)
 Metaspace       used 49453K, committed 50240K, reserved 1114112K
  class space    used 5991K, committed 6400K, reserved 1048576K
}
Event: 22.351 GC heap after
{Heap after GC invocations=15 (full 0):
 garbage-first heap   total 79872K, used 45500K [0x0000000083a00000, 0x0000000100000000)
  region size 1024K, 2 young (2048K), 2 survivors (2048K)
 Metaspace       used 49453K, committed 50240K, reserved 1114112K
  class space    used 5991K, committed 6400K, reserved 1048576K
}
Event: 24.831 GC heap before
{Heap before GC invocations=15 (full 0):
 garbage-first heap   total 79872K, used 69052K [0x0000000083a00000, 0x0000000100000000)
  region size 1024K, 25 young (25600K), 2 survivors (2048K)
 Metaspace       used 52233K, committed 53056K, reserved 1114112K
  class space    used 6259K, committed 6656K, reserved 1048576K
}
Event: 24.853 GC heap after
{Heap after GC invocations=16 (full 0):
 garbage-first heap   total 79872K, used 48562K [0x0000000083a00000, 0x0000000100000000)
  region size 1024K, 4 young (4096K), 4 survivors (4096K)
 Metaspace       used 52233K, committed 53056K, reserved 1114112K
  class space    used 6259K, committed 6656K, reserved 1048576K
}
Event: 27.202 GC heap before
{Heap before GC invocations=17 (full 0):
 garbage-first heap   total 83968K, used 70066K [0x0000000083a00000, 0x0000000100000000)
  region size 1024K, 25 young (25600K), 4 survivors (4096K)
 Metaspace       used 53892K, committed 54720K, reserved 1114112K
  class space    used 6321K, committed 6720K, reserved 1048576K
}
Event: 27.230 GC heap after
{Heap after GC invocations=18 (full 0):
 garbage-first heap   total 83968K, used 51572K [0x0000000083a00000, 0x0000000100000000)
  region size 1024K, 3 young (3072K), 3 survivors (3072K)
 Metaspace       used 53892K, committed 54720K, reserved 1114112K
  class space    used 6321K, committed 6720K, reserved 1048576K
}
Event: 28.779 GC heap before
{Heap before GC invocations=18 (full 0):
 garbage-first heap   total 83968K, used 75124K [0x0000000083a00000, 0x0000000100000000)
  region size 1024K, 25 young (25600K), 3 survivors (3072K)
 Metaspace       used 54299K, committed 55104K, reserved 1114112K
  class space    used 6330K, committed 6720K, reserved 1048576K
}
Event: 28.808 GC heap after
{Heap after GC invocations=19 (full 0):
 garbage-first heap   total 83968K, used 53013K [0x0000000083a00000, 0x0000000100000000)
  region size 1024K, 3 young (3072K), 3 survivors (3072K)
 Metaspace       used 54299K, committed 55104K, reserved 1114112K
  class space    used 6330K, committed 6720K, reserved 1048576K
}
Event: 30.257 GC heap before
{Heap before GC invocations=19 (full 0):
 garbage-first heap   total 83968K, used 74517K [0x0000000083a00000, 0x0000000100000000)
  region size 1024K, 25 young (25600K), 3 survivors (3072K)
 Metaspace       used 57903K, committed 58624K, reserved 1114112K
  class space    used 6674K, committed 7040K, reserved 1048576K
}
Event: 30.272 GC heap after
{Heap after GC invocations=20 (full 0):
 garbage-first heap   total 101376K, used 54372K [0x0000000083a00000, 0x0000000100000000)
  region size 1024K, 2 young (2048K), 2 survivors (2048K)
 Metaspace       used 57903K, committed 58624K, reserved 1114112K
  class space    used 6674K, committed 7040K, reserved 1048576K
}

