# JRE version: Java(TM) SE Runtime Environment (21.0.6+8) (build 21.0.6+8-LTS-188)
# Java VM: Java HotSpot(TM) 64-Bit Server VM (21.0.6+8-LTS-188, mixed mode, sharing, tiered, compressed oops, compressed class ptrs, g1 gc, windows-amd64)
GC Precious Log:
 CardTable entry size: 512
 Card Set container configuration: InlinePtr #cards 5 size 8 Array Of Cards #cards 12 size 40 Howl #buckets 4 coarsen threshold 1843 Howl Bitmap #cards 512 size 80 coarsen threshold 460 Card regions per heap region 1 cards per card region 2048
 CPUs: 8 total, 8 available
 Memory: 7957M
 Large Page Support: Disabled
 NUMA Support: Disabled
 Compressed Oops: Enabled (32-bit)
 Heap Region Size: 1M
 Heap Min Capacity: 8M
 Heap Initial Capacity: 126M
 Heap Max Capacity: 2G
 Pre-touch: Disabled
 Parallel Workers: 8
 Concurrent Workers: 2
 Concurrent Refinement Workers: 8
 Periodic GC: Disabled
Heap:
 garbage-first heap   total 224256K, used 128510K [0x0000000080000000, 0x0000000100000000)
  region size 1024K, 10 young (10240K), 10 survivors (10240K)
 Metaspace       used 101463K, committed 104000K, reserved 557056K
  class space    used 14242K, committed 15488K, reserved 425984K
GC Heap History (20 events):
Event: 10.857 GC heap after
{Heap after GC invocations=26 (full 0):
 garbage-first heap   total 152576K, used 93303K [0x0000000080000000, 0x0000000100000000)
  region size 1024K, 7 young (7168K), 7 survivors (7168K)
 Metaspace       used 77353K, committed 79616K, reserved 557056K
  class space    used 10949K, committed 12096K, reserved 425984K
}
Event: 10.990 GC heap before
{Heap before GC invocations=26 (full 0):
 garbage-first heap   total 152576K, used 133239K [0x0000000080000000, 0x0000000100000000)
  region size 1024K, 47 young (48128K), 7 survivors (7168K)
 Metaspace       used 77460K, committed 79808K, reserved 557056K
  class space    used 10949K, committed 12096K, reserved 425984K
}
Event: 10.996 GC heap after
{Heap after GC invocations=27 (full 0):
 garbage-first heap   total 152576K, used 95030K [0x0000000080000000, 0x0000000100000000)
  region size 1024K, 5 young (5120K), 5 survivors (5120K)
 Metaspace       used 77460K, committed 79808K, reserved 557056K
  class space    used 10949K, committed 12096K, reserved 425984K
}
Event: 11.149 GC heap before
{Heap before GC invocations=28 (full 0):
 garbage-first heap   total 198656K, used 134966K [0x0000000080000000, 0x0000000100000000)
  region size 1024K, 44 young (45056K), 5 survivors (5120K)
 Metaspace       used 77481K, committed 79808K, reserved 557056K
  class space    used 10949K, committed 12096K, reserved 425984K
}
Event: 11.152 GC heap after
{Heap after GC invocations=29 (full 0):
 garbage-first heap   total 198656K, used 95939K [0x0000000080000000, 0x0000000100000000)
  region size 1024K, 4 young (4096K), 4 survivors (4096K)
 Metaspace       used 77481K, committed 79808K, reserved 557056K
  class space    used 10949K, committed 12096K, reserved 425984K
}
Event: 11.546 GC heap before
{Heap before GC invocations=29 (full 0):
 garbage-first heap   total 198656K, used 180931K [0x0000000080000000, 0x0000000100000000)
  region size 1024K, 82 young (83968K), 4 survivors (4096K)
 Metaspace       used 78460K, committed 80704K, reserved 557056K
  class space    used 11074K, committed 12160K, reserved 425984K
}
Event: 11.552 GC heap after
{Heap after GC invocations=30 (full 0):
 garbage-first heap   total 198656K, used 107723K [0x0000000080000000, 0x0000000100000000)
  region size 1024K, 11 young (11264K), 11 survivors (11264K)
 Metaspace       used 78460K, committed 80704K, reserved 557056K
  class space    used 11074K, committed 12160K, reserved 425984K
}
Event: 12.282 GC heap before
{Heap before GC invocations=30 (full 0):
 garbage-first heap   total 198656K, used 178379K [0x0000000080000000, 0x0000000100000000)
  region size 1024K, 76 young (77824K), 11 survivors (11264K)
 Metaspace       used 83685K, committed 86016K, reserved 557056K
  class space    used 11642K, committed 12800K, reserved 425984K
}
Event: 12.292 GC heap after
{Heap after GC invocations=31 (full 0):
 garbage-first heap   total 198656K, used 115072K [0x0000000080000000, 0x0000000100000000)
  region size 1024K, 6 young (6144K), 6 survivors (6144K)
 Metaspace       used 83685K, committed 86016K, reserved 557056K
  class space    used 11642K, committed 12800K, reserved 425984K
}
Event: 12.325 GC heap before
{Heap before GC invocations=31 (full 0):
 garbage-first heap   total 198656K, used 120192K [0x0000000080000000, 0x0000000100000000)
  region size 1024K, 12 young (12288K), 6 survivors (6144K)
 Metaspace       used 83689K, committed 86016K, reserved 557056K
  class space    used 11642K, committed 12800K, reserved 425984K
}
Event: 12.329 GC heap after
{Heap after GC invocations=32 (full 0):
 garbage-first heap   total 198656K, used 112549K [0x0000000080000000, 0x0000000100000000)
  region size 1024K, 2 young (2048K), 2 survivors (2048K)
 Metaspace       used 83689K, committed 86016K, reserved 557056K
  class space    used 11642K, committed 12800K, reserved 425984K
}
Event: 12.944 GC heap before
{Heap before GC invocations=33 (full 0):
 garbage-first heap   total 206848K, used 183205K [0x0000000080000000, 0x0000000100000000)
  region size 1024K, 68 young (69632K), 2 survivors (2048K)
 Metaspace       used 87711K, committed 89984K, reserved 557056K
  class space    used 12188K, committed 13312K, reserved 425984K
}
Event: 12.947 GC heap after
{Heap after GC invocations=34 (full 0):
 garbage-first heap   total 206848K, used 118280K [0x0000000080000000, 0x0000000100000000)
  region size 1024K, 4 young (4096K), 4 survivors (4096K)
 Metaspace       used 87711K, committed 89984K, reserved 557056K
  class space    used 12188K, committed 13312K, reserved 425984K
}
Event: 13.765 GC heap before
{Heap before GC invocations=34 (full 0):
 garbage-first heap   total 206848K, used 189960K [0x0000000080000000, 0x0000000100000000)
  region size 1024K, 74 young (75776K), 4 survivors (4096K)
 Metaspace       used 91192K, committed 93568K, reserved 557056K
  class space    used 12678K, committed 13824K, reserved 425984K
}
Event: 13.771 GC heap after
{Heap after GC invocations=35 (full 0):
 garbage-first heap   total 206848K, used 119640K [0x0000000080000000, 0x0000000100000000)
  region size 1024K, 7 young (7168K), 7 survivors (7168K)
 Metaspace       used 91192K, committed 93568K, reserved 557056K
  class space    used 12678K, committed 13824K, reserved 425984K
}
Event: 14.180 GC heap before
{Heap before GC invocations=35 (full 0):
 garbage-first heap   total 206848K, used 188248K [0x0000000080000000, 0x0000000100000000)
  region size 1024K, 74 young (75776K), 7 survivors (7168K)
 Metaspace       used 93454K, committed 95872K, reserved 557056K
  class space    used 13006K, committed 14208K, reserved 425984K
}
Event: 14.187 GC heap after
{Heap after GC invocations=36 (full 0):
 garbage-first heap   total 206848K, used 124207K [0x0000000080000000, 0x0000000100000000)
  region size 1024K, 8 young (8192K), 8 survivors (8192K)
 Metaspace       used 93454K, committed 95872K, reserved 557056K
  class space    used 13006K, committed 14208K, reserved 425984K
}
Event: 14.596 GC heap before
{Heap before GC invocations=37 (full 0):
 garbage-first heap   total 224256K, used 186671K [0x0000000080000000, 0x0000000100000000)
  region size 1024K, 68 young (69632K), 8 survivors (8192K)
 Metaspace       used 96895K, committed 99328K, reserved 557056K
  class space    used 13644K, committed 14848K, reserved 425984K
}
Event: 14.602 GC heap after
{Heap after GC invocations=38 (full 0):
 garbage-first heap   total 224256K, used 125835K [0x0000000080000000, 0x0000000100000000)
  region size 1024K, 6 young (6144K), 6 survivors (6144K)
 Metaspace       used 96895K, committed 99328K, reserved 557056K
  class space    used 13644K, committed 14848K, reserved 425984K
}
Event: 15.317 GC heap before
{Heap before GC invocations=38 (full 0):
 garbage-first heap   total 224256K, used 205707K [0x0000000080000000, 0x0000000100000000)
  region size 1024K, 84 young (86016K), 6 survivors (6144K)
 Metaspace       used 101463K, committed 104000K, reserved 557056K
  class space    used 14242K, committed 15488K, reserved 425984K
}

