# JRE version: Java(TM) SE Runtime Environment (21.0.6+8) (build 21.0.6+8-LTS-188)
# Java VM: Java HotSpot(TM) 64-Bit Server VM (21.0.6+8-LTS-188, mixed mode, sharing, tiered, compressed oops, compressed class ptrs, g1 gc, windows-amd64)
GC Precious Log:
 CardTable entry size: 512
 Card Set container configuration: InlinePtr #cards 4 size 8 Array Of Cards #cards 32 size 80 Howl #buckets 8 coarsen threshold 7372 Howl Bitmap #cards 1024 size 144 coarsen threshold 921 Card regions per heap region 1 cards per card region 8192
 CPUs: 8 total, 8 available
 Memory: 7957M
 Large Page Support: Disabled
 NUMA Support: Disabled
 Compressed Oops: Enabled (Zero based)
 Heap Region Size: 4M
 Heap Min Capacity: 8M
 Heap Initial Capacity: 128M
 Heap Max Capacity: 6G
 Pre-touch: Disabled
 Parallel Workers: 8
 Concurrent Workers: 2
 Concurrent Refinement Workers: 8
 Periodic GC: Disabled
Heap:
 garbage-first heap   total 958464K, used 637750K [0x0000000680000000, 0x0000000800000000)
  region size 4096K, 56 young (229376K), 8 survivors (32768K)
 Metaspace       used 128340K, committed 131712K, reserved 557056K
  class space    used 17370K, committed 19008K, reserved 425984K
GC Heap History (20 events):
Event: 26.249 GC heap before
{Heap before GC invocations=50 (full 0):
 garbage-first heap   total 503808K, used 419818K [0x0000000680000000, 0x0000000800000000)
  region size 4096K, 48 young (196608K), 7 survivors (28672K)
 Metaspace       used 115021K, committed 118080K, reserved 557056K
  class space    used 16058K, committed 17536K, reserved 425984K
}
Event: 26.273 GC heap after
{Heap after GC invocations=51 (full 0):
 garbage-first heap   total 503808K, used 272011K [0x0000000680000000, 0x0000000800000000)
  region size 4096K, 5 young (20480K), 5 survivors (20480K)
 Metaspace       used 115021K, committed 118080K, reserved 557056K
  class space    used 16058K, committed 17536K, reserved 425984K
}
Event: 27.101 GC heap before
{Heap before GC invocations=51 (full 0):
 garbage-first heap   total 503808K, used 431755K [0x0000000680000000, 0x0000000800000000)
  region size 4096K, 45 young (184320K), 5 survivors (20480K)
 Metaspace       used 115556K, committed 118656K, reserved 557056K
  class space    used 16127K, committed 17600K, reserved 425984K
}
Event: 27.117 GC heap after
{Heap after GC invocations=52 (full 0):
 garbage-first heap   total 503808K, used 287569K [0x0000000680000000, 0x0000000800000000)
  region size 4096K, 5 young (20480K), 5 survivors (20480K)
 Metaspace       used 115556K, committed 118656K, reserved 557056K
  class space    used 16127K, committed 17600K, reserved 425984K
}
Event: 399.791 GC heap before
{Heap before GC invocations=53 (full 0):
 garbage-first heap   total 540672K, used 439121K [0x0000000680000000, 0x0000000800000000)
  region size 4096K, 43 young (176128K), 5 survivors (20480K)
 Metaspace       used 119134K, committed 122304K, reserved 557056K
  class space    used 16480K, committed 17984K, reserved 425984K
}
Event: 399.840 GC heap after
{Heap after GC invocations=54 (full 0):
 garbage-first heap   total 540672K, used 302080K [0x0000000680000000, 0x0000000800000000)
  region size 4096K, 4 young (16384K), 4 survivors (16384K)
 Metaspace       used 119134K, committed 122304K, reserved 557056K
  class space    used 16480K, committed 17984K, reserved 425984K
}
Event: 426.262 GC heap before
{Heap before GC invocations=54 (full 0):
 garbage-first heap   total 540672K, used 474112K [0x0000000680000000, 0x0000000800000000)
  region size 4096K, 47 young (192512K), 4 survivors (16384K)
 Metaspace       used 126013K, committed 129280K, reserved 557056K
  class space    used 17299K, committed 18880K, reserved 425984K
}
Event: 426.308 GC heap after
{Heap after GC invocations=55 (full 0):
 garbage-first heap   total 540672K, used 318186K [0x0000000680000000, 0x0000000800000000)
  region size 4096K, 6 young (24576K), 6 survivors (24576K)
 Metaspace       used 126013K, committed 129280K, reserved 557056K
  class space    used 17299K, committed 18880K, reserved 425984K
}
Event: 428.000 GC heap before
{Heap before GC invocations=55 (full 0):
 garbage-first heap   total 540672K, used 482026K [0x0000000680000000, 0x0000000800000000)
  region size 4096K, 46 young (188416K), 6 survivors (24576K)
 Metaspace       used 126388K, committed 129728K, reserved 557056K
  class space    used 17308K, committed 18944K, reserved 425984K
}
Event: 428.053 GC heap after
{Heap after GC invocations=56 (full 0):
 garbage-first heap   total 540672K, used 352256K [0x0000000680000000, 0x0000000800000000)
  region size 4096K, 6 young (24576K), 6 survivors (24576K)
 Metaspace       used 126388K, committed 129728K, reserved 557056K
  class space    used 17308K, committed 18944K, reserved 425984K
}
Event: 429.780 GC heap before
{Heap before GC invocations=57 (full 0):
 garbage-first heap   total 651264K, used 479232K [0x0000000680000000, 0x0000000800000000)
  region size 4096K, 37 young (151552K), 6 survivors (24576K)
 Metaspace       used 126612K, committed 129920K, reserved 557056K
  class space    used 17315K, committed 18944K, reserved 425984K
}
Event: 429.815 GC heap after
{Heap after GC invocations=58 (full 0):
 garbage-first heap   total 651264K, used 374818K [0x0000000680000000, 0x0000000800000000)
  region size 4096K, 5 young (20480K), 5 survivors (20480K)
 Metaspace       used 126612K, committed 129920K, reserved 557056K
  class space    used 17315K, committed 18944K, reserved 425984K
}
Event: 517.753 GC heap before
{Heap before GC invocations=58 (full 0):
 garbage-first heap   total 651264K, used 563234K [0x0000000680000000, 0x0000000800000000)
  region size 4096K, 51 young (208896K), 5 survivors (20480K)
 Metaspace       used 127173K, committed 130496K, reserved 557056K
  class space    used 17337K, committed 18944K, reserved 425984K
}
Event: 517.836 GC heap after
{Heap after GC invocations=59 (full 0):
 garbage-first heap   total 651264K, used 397908K [0x0000000680000000, 0x0000000800000000)
  region size 4096K, 7 young (28672K), 7 survivors (28672K)
 Metaspace       used 127173K, committed 130496K, reserved 557056K
  class space    used 17337K, committed 18944K, reserved 425984K
}
Event: 519.375 GC heap before
{Heap before GC invocations=59 (full 0):
 garbage-first heap   total 651264K, used 569940K [0x0000000680000000, 0x0000000800000000)
  region size 4096K, 49 young (200704K), 7 survivors (28672K)
 Metaspace       used 127483K, committed 130816K, reserved 557056K
  class space    used 17349K, committed 18944K, reserved 425984K
}
Event: 519.432 GC heap after
{Heap after GC invocations=60 (full 0):
 garbage-first heap   total 651264K, used 434176K [0x0000000680000000, 0x0000000800000000)
  region size 4096K, 7 young (28672K), 7 survivors (28672K)
 Metaspace       used 127483K, committed 130816K, reserved 557056K
  class space    used 17349K, committed 18944K, reserved 425984K
}
Event: 520.936 GC heap before
{Heap before GC invocations=61 (full 0):
 garbage-first heap   total 786432K, used 573440K [0x0000000680000000, 0x0000000800000000)
  region size 4096K, 42 young (172032K), 7 survivors (28672K)
 Metaspace       used 127680K, committed 131008K, reserved 557056K
  class space    used 17357K, committed 19008K, reserved 425984K
}
Event: 520.978 GC heap after
{Heap after GC invocations=62 (full 0):
 garbage-first heap   total 786432K, used 461679K [0x0000000680000000, 0x0000000800000000)
  region size 4096K, 6 young (24576K), 6 survivors (24576K)
 Metaspace       used 127680K, committed 131008K, reserved 557056K
  class space    used 17357K, committed 19008K, reserved 425984K
}
Event: 576.911 GC heap before
{Heap before GC invocations=62 (full 0):
 garbage-first heap   total 786432K, used 682863K [0x0000000680000000, 0x0000000800000000)
  region size 4096K, 60 young (245760K), 6 survivors (24576K)
 Metaspace       used 128118K, committed 131456K, reserved 557056K
  class space    used 17367K, committed 19008K, reserved 425984K
}
Event: 577.025 GC heap after
{Heap after GC invocations=63 (full 0):
 garbage-first heap   total 958464K, used 445238K [0x0000000680000000, 0x0000000800000000)
  region size 4096K, 8 young (32768K), 8 survivors (32768K)
 Metaspace       used 128118K, committed 131456K, reserved 557056K
  class space    used 17367K, committed 19008K, reserved 425984K
}

