# JRE version: Java(TM) SE Runtime Environment (21.0.6+8) (build 21.0.6+8-LTS-188)
# Java VM: Java HotSpot(TM) 64-Bit Server VM (21.0.6+8-LTS-188, mixed mode, sharing, tiered, compressed oops, compressed class ptrs, g1 gc, windows-amd64)
GC Precious Log:
 CardTable entry size: 512
 Card Set container configuration: InlinePtr #cards 4 size 8 Array Of Cards #cards 16 size 48 Howl #buckets 8 coarsen threshold 3686 Howl Bitmap #cards 512 size 80 coarsen threshold 460 Card regions per heap region 1 cards per card region 4096
 CPUs: 8 total, 8 available
 Memory: 7957M
 Large Page Support: Disabled
 NUMA Support: Disabled
 Compressed Oops: Enabled (Zero based)
 Heap Region Size: 2M
 Heap Min Capacity: 8M
 Heap Initial Capacity: 126M
 Heap Max Capacity: 4G
 Pre-touch: Disabled
 Parallel Workers: 8
 Concurrent Workers: 2
 Concurrent Refinement Workers: 8
 Periodic GC: Disabled
Heap:
 garbage-first heap   total 516096K, used 321605K [0x0000000700000000, 0x0000000800000000)
  region size 2048K, 33 young (67584K), 13 survivors (26624K)
 Metaspace       used 117028K, committed 120192K, reserved 1179648K
  class space    used 16202K, committed 17728K, reserved 1048576K
GC Heap History (20 events):
Event: 26.778 GC heap before
{Heap before GC invocations=45 (full 0):
 garbage-first heap   total 362496K, used 314993K [0x0000000700000000, 0x0000000800000000)
  region size 2048K, 68 young (139264K), 3 survivors (6144K)
 Metaspace       used 106785K, committed 109696K, reserved 1179648K
  class space    used 14956K, committed 16384K, reserved 1048576K
}
Event: 26.794 GC heap after
{Heap after GC invocations=46 (full 0):
 garbage-first heap   total 362496K, used 190655K [0x0000000700000000, 0x0000000800000000)
  region size 2048K, 8 young (16384K), 8 survivors (16384K)
 Metaspace       used 106785K, committed 109696K, reserved 1179648K
  class space    used 14956K, committed 16384K, reserved 1048576K
}
Event: 27.920 GC heap before
{Heap before GC invocations=46 (full 0):
 garbage-first heap   total 362496K, used 254143K [0x0000000700000000, 0x0000000800000000)
  region size 2048K, 41 young (83968K), 8 survivors (16384K)
 Metaspace       used 106868K, committed 109760K, reserved 1179648K
  class space    used 14967K, committed 16384K, reserved 1048576K
}
Event: 27.930 GC heap after
{Heap after GC invocations=47 (full 0):
 garbage-first heap   total 362496K, used 198305K [0x0000000700000000, 0x0000000800000000)
  region size 2048K, 6 young (12288K), 6 survivors (12288K)
 Metaspace       used 106868K, committed 109760K, reserved 1179648K
  class space    used 14967K, committed 16384K, reserved 1048576K
}
Event: 28.793 GC heap before
{Heap before GC invocations=48 (full 0):
 garbage-first heap   total 362496K, used 323233K [0x0000000700000000, 0x0000000800000000)
  region size 2048K, 66 young (135168K), 6 survivors (12288K)
 Metaspace       used 108605K, committed 111552K, reserved 1179648K
  class space    used 15142K, committed 16576K, reserved 1048576K
}
Event: 28.808 GC heap after
{Heap after GC invocations=49 (full 0):
 garbage-first heap   total 362496K, used 213262K [0x0000000700000000, 0x0000000800000000)
  region size 2048K, 8 young (16384K), 8 survivors (16384K)
 Metaspace       used 108605K, committed 111552K, reserved 1179648K
  class space    used 15142K, committed 16576K, reserved 1048576K
}
Event: 29.626 GC heap before
{Heap before GC invocations=49 (full 0):
 garbage-first heap   total 362496K, used 321806K [0x0000000700000000, 0x0000000800000000)
  region size 2048K, 62 young (126976K), 8 survivors (16384K)
 Metaspace       used 108891K, committed 111872K, reserved 1179648K
  class space    used 15177K, committed 16640K, reserved 1048576K
}
Event: 29.644 GC heap after
{Heap after GC invocations=50 (full 0):
 garbage-first heap   total 362496K, used 221069K [0x0000000700000000, 0x0000000800000000)
  region size 2048K, 7 young (14336K), 7 survivors (14336K)
 Metaspace       used 108891K, committed 111872K, reserved 1179648K
  class space    used 15177K, committed 16640K, reserved 1048576K
}
Event: 30.202 GC heap before
{Heap before GC invocations=50 (full 0):
 garbage-first heap   total 362496K, used 323469K [0x0000000700000000, 0x0000000800000000)
  region size 2048K, 58 young (118784K), 7 survivors (14336K)
 Metaspace       used 109125K, committed 112128K, reserved 1179648K
  class space    used 15210K, committed 16704K, reserved 1048576K
}
Event: 30.213 GC heap after
{Heap after GC invocations=51 (full 0):
 garbage-first heap   total 362496K, used 229091K [0x0000000700000000, 0x0000000800000000)
  region size 2048K, 6 young (12288K), 6 survivors (12288K)
 Metaspace       used 109125K, committed 112128K, reserved 1179648K
  class space    used 15210K, committed 16704K, reserved 1048576K
}
Event: 31.745 GC heap before
{Heap before GC invocations=52 (full 0):
 garbage-first heap   total 407552K, used 325347K [0x0000000700000000, 0x0000000800000000)
  region size 2048K, 53 young (108544K), 6 survivors (12288K)
 Metaspace       used 113160K, committed 116224K, reserved 1179648K
  class space    used 15803K, committed 17280K, reserved 1048576K
}
Event: 31.758 GC heap after
{Heap after GC invocations=53 (full 0):
 garbage-first heap   total 407552K, used 237413K [0x0000000700000000, 0x0000000800000000)
  region size 2048K, 5 young (10240K), 5 survivors (10240K)
 Metaspace       used 113160K, committed 116224K, reserved 1179648K
  class space    used 15803K, committed 17280K, reserved 1048576K
}
Event: 32.612 GC heap before
{Heap before GC invocations=53 (full 0):
 garbage-first heap   total 407552K, used 356197K [0x0000000700000000, 0x0000000800000000)
  region size 2048K, 63 young (129024K), 5 survivors (10240K)
 Metaspace       used 114778K, committed 117760K, reserved 1179648K
  class space    used 16003K, committed 17472K, reserved 1048576K
}
Event: 32.637 GC heap after
{Heap after GC invocations=54 (full 0):
 garbage-first heap   total 407552K, used 254489K [0x0000000700000000, 0x0000000800000000)
  region size 2048K, 8 young (16384K), 8 survivors (16384K)
 Metaspace       used 114778K, committed 117760K, reserved 1179648K
  class space    used 16003K, committed 17472K, reserved 1048576K
}
Event: 32.961 GC heap before
{Heap before GC invocations=54 (full 0):
 garbage-first heap   total 407552K, used 358937K [0x0000000700000000, 0x0000000800000000)
  region size 2048K, 60 young (122880K), 8 survivors (16384K)
 Metaspace       used 114805K, committed 117824K, reserved 1179648K
  class space    used 16003K, committed 17472K, reserved 1048576K
}
Event: 33.127 GC heap after
{Heap after GC invocations=55 (full 0):
 garbage-first heap   total 499712K, used 262048K [0x0000000700000000, 0x0000000800000000)
  region size 2048K, 3 young (6144K), 3 survivors (6144K)
 Metaspace       used 114805K, committed 117824K, reserved 1179648K
  class space    used 16003K, committed 17472K, reserved 1048576K
}
Event: 34.943 GC heap before
{Heap before GC invocations=56 (full 0):
 garbage-first heap   total 516096K, used 415648K [0x0000000700000000, 0x0000000800000000)
  region size 2048K, 79 young (161792K), 3 survivors (6144K)
 Metaspace       used 114976K, committed 118016K, reserved 1179648K
  class space    used 16028K, committed 17536K, reserved 1048576K
}
Event: 34.952 GC heap after
{Heap after GC invocations=57 (full 0):
 garbage-first heap   total 516096K, used 272173K [0x0000000700000000, 0x0000000800000000)
  region size 2048K, 8 young (16384K), 8 survivors (16384K)
 Metaspace       used 114976K, committed 118016K, reserved 1179648K
  class space    used 16028K, committed 17536K, reserved 1048576K
}
Event: 37.151 GC heap before
{Heap before GC invocations=57 (full 0):
 garbage-first heap   total 516096K, used 456493K [0x0000000700000000, 0x0000000800000000)
  region size 2048K, 99 young (202752K), 8 survivors (16384K)
 Metaspace       used 115706K, committed 118848K, reserved 1179648K
  class space    used 16124K, committed 17664K, reserved 1048576K
}
Event: 37.170 GC heap after
{Heap after GC invocations=58 (full 0):
 garbage-first heap   total 516096K, used 284741K [0x0000000700000000, 0x0000000800000000)
  region size 2048K, 13 young (26624K), 13 survivors (26624K)
 Metaspace       used 115706K, committed 118848K, reserved 1179648K
  class space    used 16124K, committed 17664K, reserved 1048576K
}

