# JRE version: Java(TM) SE Runtime Environment (21.0.6+8) (build 21.0.6+8-LTS-188)
# Java VM: Java HotSpot(TM) 64-Bit Server VM (21.0.6+8-LTS-188, mixed mode, sharing, tiered, compressed oops, compressed class ptrs, g1 gc, windows-amd64)
GC Precious Log:
 CardTable entry size: 512
 Card Set container configuration: InlinePtr #cards 5 size 8 Array Of Cards #cards 12 size 40 Howl #buckets 4 coarsen threshold 1843 Howl Bitmap #cards 512 size 80 coarsen threshold 460 Card regions per heap region 1 cards per card region 2048
 CPUs: 8 total, 8 available
 Memory: 7957M
 Large Page Support: Disabled
 NUMA Support: Disabled
 Compressed Oops: Enabled (32-bit)
 Heap Region Size: 1M
 Heap Min Capacity: 8M
 Heap Initial Capacity: 126M
 Heap Max Capacity: 1990M
 Pre-touch: Disabled
 Parallel Workers: 8
 Concurrent Workers: 2
 Concurrent Refinement Workers: 8
 Periodic GC: Disabled
Heap:
 garbage-first heap   total 171008K, used 104418K [0x0000000083a00000, 0x0000000100000000)
  region size 1024K, 30 young (30720K), 10 survivors (10240K)
 Metaspace       used 56758K, committed 57472K, reserved 1114112K
  class space    used 6427K, committed 6784K, reserved 1048576K
GC Heap History (20 events):
Event: 20.822 GC heap before
{Heap before GC invocations=13 (full 0):
 garbage-first heap   total 71680K, used 62249K [0x0000000083a00000, 0x0000000100000000)
  region size 1024K, 22 young (22528K), 4 survivors (4096K)
 Metaspace       used 48039K, committed 48768K, reserved 1114112K
  class space    used 5655K, committed 6016K, reserved 1048576K
}
Event: 20.845 GC heap after
{Heap after GC invocations=14 (full 0):
 garbage-first heap   total 71680K, used 46447K [0x0000000083a00000, 0x0000000100000000)
  region size 1024K, 3 young (3072K), 3 survivors (3072K)
 Metaspace       used 48039K, committed 48768K, reserved 1114112K
  class space    used 5655K, committed 6016K, reserved 1048576K
}
Event: 21.974 GC heap before
{Heap before GC invocations=14 (full 0):
 garbage-first heap   total 71680K, used 62831K [0x0000000083a00000, 0x0000000100000000)
  region size 1024K, 19 young (19456K), 3 survivors (3072K)
 Metaspace       used 48223K, committed 48960K, reserved 1114112K
  class space    used 5657K, committed 6016K, reserved 1048576K
}
Event: 21.993 GC heap after
{Heap after GC invocations=15 (full 0):
 garbage-first heap   total 86016K, used 49552K [0x0000000083a00000, 0x0000000100000000)
  region size 1024K, 3 young (3072K), 3 survivors (3072K)
 Metaspace       used 48223K, committed 48960K, reserved 1114112K
  class space    used 5657K, committed 6016K, reserved 1048576K
}
Event: 23.348 GC heap before
{Heap before GC invocations=16 (full 0):
 garbage-first heap   total 89088K, used 74128K [0x0000000083a00000, 0x0000000100000000)
  region size 1024K, 27 young (27648K), 3 survivors (3072K)
 Metaspace       used 48283K, committed 49024K, reserved 1114112K
  class space    used 5661K, committed 6016K, reserved 1048576K
}
Event: 23.371 GC heap after
{Heap after GC invocations=17 (full 0):
 garbage-first heap   total 89088K, used 53850K [0x0000000083a00000, 0x0000000100000000)
  region size 1024K, 4 young (4096K), 4 survivors (4096K)
 Metaspace       used 48283K, committed 49024K, reserved 1114112K
  class space    used 5661K, committed 6016K, reserved 1048576K
}
Event: 24.862 GC heap before
{Heap before GC invocations=17 (full 0):
 garbage-first heap   total 89088K, used 77402K [0x0000000083a00000, 0x0000000100000000)
  region size 1024K, 27 young (27648K), 4 survivors (4096K)
 Metaspace       used 49296K, committed 50048K, reserved 1114112K
  class space    used 5794K, committed 6208K, reserved 1048576K
}
Event: 24.887 GC heap after
{Heap after GC invocations=18 (full 0):
 garbage-first heap   total 89088K, used 57856K [0x0000000083a00000, 0x0000000100000000)
  region size 1024K, 4 young (4096K), 4 survivors (4096K)
 Metaspace       used 49296K, committed 50048K, reserved 1114112K
  class space    used 5794K, committed 6208K, reserved 1048576K
}
Event: 25.853 GC heap before
{Heap before GC invocations=18 (full 0):
 garbage-first heap   total 89088K, used 78336K [0x0000000083a00000, 0x0000000100000000)
  region size 1024K, 24 young (24576K), 4 survivors (4096K)
 Metaspace       used 49367K, committed 50112K, reserved 1114112K
  class space    used 5798K, committed 6208K, reserved 1048576K
}
Event: 25.878 GC heap after
{Heap after GC invocations=19 (full 0):
 garbage-first heap   total 89088K, used 62263K [0x0000000083a00000, 0x0000000100000000)
  region size 1024K, 3 young (3072K), 3 survivors (3072K)
 Metaspace       used 49367K, committed 50112K, reserved 1114112K
  class space    used 5798K, committed 6208K, reserved 1048576K
}
Event: 26.209 GC heap before
{Heap before GC invocations=20 (full 0):
 garbage-first heap   total 116736K, used 78647K [0x0000000083a00000, 0x0000000100000000)
  region size 1024K, 19 young (19456K), 3 survivors (3072K)
 Metaspace       used 49423K, committed 50176K, reserved 1114112K
  class space    used 5798K, committed 6208K, reserved 1048576K
}
Event: 26.226 GC heap after
{Heap after GC invocations=21 (full 0):
 garbage-first heap   total 116736K, used 65960K [0x0000000083a00000, 0x0000000100000000)
  region size 1024K, 3 young (3072K), 3 survivors (3072K)
 Metaspace       used 49423K, committed 50176K, reserved 1114112K
  class space    used 5798K, committed 6208K, reserved 1048576K
}
Event: 27.356 GC heap before
{Heap before GC invocations=21 (full 0):
 garbage-first heap   total 116736K, used 101800K [0x0000000083a00000, 0x0000000100000000)
  region size 1024K, 38 young (38912K), 3 survivors (3072K)
 Metaspace       used 49602K, committed 50368K, reserved 1114112K
  class space    used 5807K, committed 6208K, reserved 1048576K
}
Event: 27.395 GC heap after
{Heap after GC invocations=22 (full 0):
 garbage-first heap   total 116736K, used 71665K [0x0000000083a00000, 0x0000000100000000)
  region size 1024K, 5 young (5120K), 5 survivors (5120K)
 Metaspace       used 49602K, committed 50368K, reserved 1114112K
  class space    used 5807K, committed 6208K, reserved 1048576K
}
Event: 28.135 GC heap before
{Heap before GC invocations=22 (full 0):
 garbage-first heap   total 116736K, used 103409K [0x0000000083a00000, 0x0000000100000000)
  region size 1024K, 36 young (36864K), 5 survivors (5120K)
 Metaspace       used 49911K, committed 50688K, reserved 1114112K
  class space    used 5842K, committed 6208K, reserved 1048576K
}
Event: 28.154 GC heap after
{Heap after GC invocations=23 (full 0):
 garbage-first heap   total 171008K, used 74071K [0x0000000083a00000, 0x0000000100000000)
  region size 1024K, 2 young (2048K), 2 survivors (2048K)
 Metaspace       used 49911K, committed 50688K, reserved 1114112K
  class space    used 5842K, committed 6208K, reserved 1048576K
}
Event: 29.827 GC heap before
{Heap before GC invocations=24 (full 0):
 garbage-first heap   total 171008K, used 144727K [0x0000000083a00000, 0x0000000100000000)
  region size 1024K, 69 young (70656K), 2 survivors (2048K)
 Metaspace       used 51410K, committed 52224K, reserved 1114112K
  class space    used 5987K, committed 6400K, reserved 1048576K
}
Event: 29.838 GC heap after
{Heap after GC invocations=25 (full 0):
 garbage-first heap   total 171008K, used 78508K [0x0000000083a00000, 0x0000000100000000)
  region size 1024K, 5 young (5120K), 5 survivors (5120K)
 Metaspace       used 51410K, committed 52224K, reserved 1114112K
  class space    used 5987K, committed 6400K, reserved 1048576K
}
Event: 35.755 GC heap before
{Heap before GC invocations=25 (full 0):
 garbage-first heap   total 171008K, used 154284K [0x0000000083a00000, 0x0000000100000000)
  region size 1024K, 78 young (79872K), 5 survivors (5120K)
 Metaspace       used 55925K, committed 56704K, reserved 1114112K
  class space    used 6346K, committed 6720K, reserved 1048576K
}
Event: 35.778 GC heap after
{Heap after GC invocations=26 (full 0):
 garbage-first heap   total 171008K, used 84962K [0x0000000083a00000, 0x0000000100000000)
  region size 1024K, 10 young (10240K), 10 survivors (10240K)
 Metaspace       used 55925K, committed 56704K, reserved 1114112K
  class space    used 6346K, committed 6720K, reserved 1048576K
}

