# JRE version: Java(TM) SE Runtime Environment (21.0.6+8) (build 21.0.6+8-LTS-188)
# Java VM: Java HotSpot(TM) 64-Bit Server VM (21.0.6+8-LTS-188, mixed mode, sharing, tiered, compressed oops, compressed class ptrs, g1 gc, windows-amd64)
GC Precious Log:
 CardTable entry size: 512
 Card Set container configuration: InlinePtr #cards 5 size 8 Array Of Cards #cards 12 size 40 Howl #buckets 4 coarsen threshold 1843 Howl Bitmap #cards 512 size 80 coarsen threshold 460 Card regions per heap region 1 cards per card region 2048
 CPUs: 8 total, 8 available
 Memory: 7957M
 Large Page Support: Disabled
 NUMA Support: Disabled
 Compressed Oops: Enabled (32-bit)
 Heap Region Size: 1M
 Heap Min Capacity: 8M
 Heap Initial Capacity: 126M
 Heap Max Capacity: 2G
 Pre-touch: Disabled
 Parallel Workers: 8
 Concurrent Workers: 2
 Concurrent Refinement Workers: 8
 Periodic GC: Disabled
Heap:
 garbage-first heap   total 220160K, used 191384K [0x0000000080000000, 0x0000000100000000)
  region size 1024K, 79 young (80896K), 10 survivors (10240K)
 Metaspace       used 93551K, committed 96064K, reserved 557056K
  class space    used 13022K, committed 14272K, reserved 425984K
GC Heap History (20 events):
Event: 11.627 GC heap before
{Heap before GC invocations=23 (full 0):
 garbage-first heap   total 130048K, used 116236K [0x0000000080000000, 0x0000000100000000)
  region size 1024K, 45 young (46080K), 5 survivors (5120K)
 Metaspace       used 74638K, committed 76928K, reserved 491520K
  class space    used 10652K, committed 11776K, reserved 425984K
}
Event: 11.634 GC heap after
{Heap after GC invocations=24 (full 0):
 garbage-first heap   total 130048K, used 80349K [0x0000000080000000, 0x0000000100000000)
  region size 1024K, 5 young (5120K), 5 survivors (5120K)
 Metaspace       used 74638K, committed 76928K, reserved 491520K
  class space    used 10652K, committed 11776K, reserved 425984K
}
Event: 12.192 GC heap before
{Heap before GC invocations=25 (full 0):
 garbage-first heap   total 143360K, used 117213K [0x0000000080000000, 0x0000000100000000)
  region size 1024K, 41 young (41984K), 5 survivors (5120K)
 Metaspace       used 75791K, committed 78080K, reserved 557056K
  class space    used 10800K, committed 11968K, reserved 425984K
}
Event: 12.198 GC heap after
{Heap after GC invocations=26 (full 0):
 garbage-first heap   total 143360K, used 85427K [0x0000000080000000, 0x0000000100000000)
  region size 1024K, 6 young (6144K), 6 survivors (6144K)
 Metaspace       used 75791K, committed 78080K, reserved 557056K
  class space    used 10800K, committed 11968K, reserved 425984K
}
Event: 13.374 GC heap before
{Heap before GC invocations=26 (full 0):
 garbage-first heap   total 143360K, used 128435K [0x0000000080000000, 0x0000000100000000)
  region size 1024K, 48 young (49152K), 6 survivors (6144K)
 Metaspace       used 77241K, committed 79616K, reserved 557056K
  class space    used 10995K, committed 12160K, reserved 425984K
}
Event: 13.383 GC heap after
{Heap after GC invocations=27 (full 0):
 garbage-first heap   total 143360K, used 90288K [0x0000000080000000, 0x0000000100000000)
  region size 1024K, 6 young (6144K), 6 survivors (6144K)
 Metaspace       used 77241K, committed 79616K, reserved 557056K
  class space    used 10995K, committed 12160K, reserved 425984K
}
Event: 13.854 GC heap before
{Heap before GC invocations=27 (full 0):
 garbage-first heap   total 143360K, used 127152K [0x0000000080000000, 0x0000000100000000)
  region size 1024K, 43 young (44032K), 6 survivors (6144K)
 Metaspace       used 77644K, committed 80000K, reserved 557056K
  class space    used 10999K, committed 12160K, reserved 425984K
}
Event: 13.862 GC heap after
{Heap after GC invocations=28 (full 0):
 garbage-first heap   total 143360K, used 95475K [0x0000000080000000, 0x0000000100000000)
  region size 1024K, 5 young (5120K), 5 survivors (5120K)
 Metaspace       used 77644K, committed 80000K, reserved 557056K
  class space    used 10999K, committed 12160K, reserved 425984K
}
Event: 14.224 GC heap before
{Heap before GC invocations=29 (full 0):
 garbage-first heap   total 176128K, used 126195K [0x0000000080000000, 0x0000000100000000)
  region size 1024K, 36 young (36864K), 5 survivors (5120K)
 Metaspace       used 77701K, committed 80064K, reserved 557056K
  class space    used 11000K, committed 12160K, reserved 425984K
}
Event: 14.232 GC heap after
{Heap after GC invocations=30 (full 0):
 garbage-first heap   total 176128K, used 96544K [0x0000000080000000, 0x0000000100000000)
  region size 1024K, 4 young (4096K), 4 survivors (4096K)
 Metaspace       used 77701K, committed 80064K, reserved 557056K
  class space    used 11000K, committed 12160K, reserved 425984K
}
Event: 14.504 GC heap before
{Heap before GC invocations=30 (full 0):
 garbage-first heap   total 176128K, used 154912K [0x0000000080000000, 0x0000000100000000)
  region size 1024K, 62 young (63488K), 4 survivors (4096K)
 Metaspace       used 77710K, committed 80064K, reserved 557056K
  class space    used 11001K, committed 12160K, reserved 425984K
}
Event: 14.510 GC heap after
{Heap after GC invocations=31 (full 0):
 garbage-first heap   total 211968K, used 96099K [0x0000000080000000, 0x0000000100000000)
  region size 1024K, 5 young (5120K), 5 survivors (5120K)
 Metaspace       used 77710K, committed 80064K, reserved 557056K
  class space    used 11001K, committed 12160K, reserved 425984K
}
Event: 16.031 GC heap before
{Heap before GC invocations=31 (full 0):
 garbage-first heap   total 211968K, used 190307K [0x0000000080000000, 0x0000000100000000)
  region size 1024K, 91 young (93184K), 5 survivors (5120K)
 Metaspace       used 81974K, committed 84352K, reserved 557056K
  class space    used 11473K, committed 12672K, reserved 425984K
}
Event: 16.037 GC heap after
{Heap after GC invocations=32 (full 0):
 garbage-first heap   total 211968K, used 109569K [0x0000000080000000, 0x0000000100000000)
  region size 1024K, 12 young (12288K), 12 survivors (12288K)
 Metaspace       used 81974K, committed 84352K, reserved 557056K
  class space    used 11473K, committed 12672K, reserved 425984K
}
Event: 16.246 GC heap before
{Heap before GC invocations=32 (full 0):
 garbage-first heap   total 211968K, used 125953K [0x0000000080000000, 0x0000000100000000)
  region size 1024K, 29 young (29696K), 12 survivors (12288K)
 Metaspace       used 83874K, committed 86272K, reserved 557056K
  class space    used 11682K, committed 12864K, reserved 425984K
}
Event: 16.252 GC heap after
{Heap after GC invocations=33 (full 0):
 garbage-first heap   total 211968K, used 112408K [0x0000000080000000, 0x0000000100000000)
  region size 1024K, 3 young (3072K), 3 survivors (3072K)
 Metaspace       used 83874K, committed 86272K, reserved 557056K
  class space    used 11682K, committed 12864K, reserved 425984K
}
Event: 17.959 GC heap before
{Heap before GC invocations=34 (full 0):
 garbage-first heap   total 220160K, used 195352K [0x0000000080000000, 0x0000000100000000)
  region size 1024K, 77 young (78848K), 3 survivors (3072K)
 Metaspace       used 87712K, committed 90112K, reserved 557056K
  class space    used 12193K, committed 13376K, reserved 425984K
}
Event: 17.963 GC heap after
{Heap after GC invocations=35 (full 0):
 garbage-first heap   total 220160K, used 120023K [0x0000000080000000, 0x0000000100000000)
  region size 1024K, 8 young (8192K), 8 survivors (8192K)
 Metaspace       used 87712K, committed 90112K, reserved 557056K
  class space    used 12193K, committed 13376K, reserved 425984K
}
Event: 19.076 GC heap before
{Heap before GC invocations=35 (full 0):
 garbage-first heap   total 220160K, used 195799K [0x0000000080000000, 0x0000000100000000)
  region size 1024K, 82 young (83968K), 8 survivors (8192K)
 Metaspace       used 91377K, committed 93888K, reserved 557056K
  class space    used 12713K, committed 13952K, reserved 425984K
}
Event: 19.085 GC heap after
{Heap after GC invocations=36 (full 0):
 garbage-first heap   total 220160K, used 121752K [0x0000000080000000, 0x0000000100000000)
  region size 1024K, 10 young (10240K), 10 survivors (10240K)
 Metaspace       used 91377K, committed 93888K, reserved 557056K
  class space    used 12713K, committed 13952K, reserved 425984K
}

